[T175] Warning: P2P enabled in DevNet environment. DevNet v0 freeze recommends LocalMesh. Use --env testnet for P2P experimentation.
[T175] Warning: P2P enabled with zero static peers. Node will operate in single-node loopback mode.
[run-102] OK: canonical Run 101 genesis verification passed (env=Devnet, genesis=/tmp/workspace/olivexo28/QBIND/docs/devnet/run_139_sighup_v2_live_reload_release_binary/fixtures/devnet/genesis.json, canonical_hash=0x48b3a862befe50e31bad5e1e11ba1ad282dc65723b1989e9ce2091b4af18145f).
[restore] no --restore-from-snapshot requested; normal startup.
[T175] Warning: P2P enabled in DevNet environment. DevNet v0 freeze recommends LocalMesh. Use --env testnet for P2P experimentation.
[T175] Warning: P2P enabled with zero static peers. Node will operate in single-node loopback mode.
[metrics] Metrics HTTP server disabled (set QBIND_METRICS_HTTP_ADDR=host:port to enable)
[T104] No schema version found in storage - treating as legacy v0 (compatible)
[M16] Epoch consistency check passed: current_epoch=None
[binary] Run 093 consensus storage: state=present-no-committed-epoch path=/tmp/workspace/olivexo28/QBIND/docs/devnet/run_139_sighup_v2_live_reload_release_binary/data/scenario_R2_same_seq_different_digest_v2_refused/consensus
[binary] P2P mode: starting transport + consensus loop. environment=DevNet profile=nonce-only
[binary] B12: mutual_auth_mode=Disabled (source: default)
[binary] Run 057: trust-bundle activation gate satisfied (required_height=None current_height=Some(0) required_epoch=None current_epoch=None)
[run-106] startup ratification gate INVOKED (policy=devnet-operator-opt-in, env=Devnet).
[run-136] startup --p2p-trust-bundle v2 ratification path SELECTED (v2 sidecar present; v1 startup gate `apply_run_105_ratification_gate_at_startup` SKIPPED — v2 verifier runs inside the Run 136 preflight).
[binary] Run 055: trust-bundle sequence persistence env=devnet chain_id=51424e4444455600 path=/tmp/workspace/olivexo28/QBIND/docs/devnet/run_139_sighup_v2_live_reload_release_binary/data/scenario_R2_same_seq_different_digest_v2_refused/pqc_trust_bundle_sequence.json first-load persisted_sequence=1 fp=7b6d6b12
[run-136] v2 authority-marker persisted at /tmp/workspace/olivexo28/QBIND/docs/devnet/run_139_sighup_v2_live_reload_release_binary/data/scenario_R2_same_seq_different_digest_v2_refused/pqc_authority_state.json (v2-first-write; candidate latest_authority_domain_sequence=1).
[binary] Run 050/051: trust bundle loaded path=/tmp/workspace/olivexo28/QBIND/docs/devnet/run_139_sighup_v2_live_reload_release_binary/fixtures/devnet/baseline-bundle.json env=devnet fp=7b6d6b121e523c56a4b9415838879f4f9ea51d6f90fa8ad1ecdb2c83c1af9fa4 active_roots=1 revoked_roots=0 sequence=1 valid_from=0 valid_until=18446744073709551615 signature=verified(signing_key_id=5400fc86..) signing_keys_configured=1. Bundle root IDs: [86c6f87a..]
[binary] Run 062: trust-bundle revocation activation (configured=0 active=0 pending=0 root_active=0 root_pending=0 leaf_active=0 leaf_pending=0)
[binary] Run 039: pqc_root_mode=test-grade-dummy-sig transport_kem_suite=ml-kem-768 configured_roots=1 leaf_credentials_present=false peer_leaf_certs=0 (root fingerprints: [id=86c6f87a.. suite=100 fp=dd7de31f])
[binary] Run 052: revoked_leaf_fingerprints=0 (from trust bundle env=devnet sequence=1)
[binary] Run 071: live PQC trust-state initialized (env=devnet sequence=1 fingerprint=7b6d6b121e523c56a4b9415838879f4f9ea51d6f90fa8ad1ecdb2c83c1af9fa4 active_roots=1 revoked_roots_active=0 revoked_leaves_active=0)
[Run040] P2pNodeBuilder: pqc_root_mode=test-grade-dummy-sig sig_suite_id=3 transport_kem_suite_id=1 transport_kem_suite_name=dummy-kem dummy_kem_registered=true transport_aead_suite_id=2 transport_aead_suite_name=dummy-aead dummy_aead_registered=true configured_roots=1 leaf_credentials_present=false
[binary] P2P transport up. Listen address: 127.0.0.1:38145, static peers: 0
[binary] Run 094: binary consensus loop wired to canonical production ConsensusStorage handle (P2P).
[binary] Consensus loop config: local_validator_id=ValidatorId(0) num_validators=1 restore_baseline=false interconnect=p2p
[binary] Single-validator P2P: leader self-quorum will commit a block per tick. Inbound P2P → engine routing is wired but no peers will exercise it.
[snapshot] VM-v0 SIGUSR1 snapshot trigger disabled: --snapshot-dir not configured
[run-114] SIGHUP live reload ratification gate INVOKED (policy=devnet-operator-opt-in, env=Devnet). On every SIGHUP the ratification sidecar JSON is re-read and verified BEFORE any snapshot, swap, eviction, or sequence commit.
[run-121] SIGHUP live reload authority-marker gate INVOKED (policy=devnet-operator-opt-in, env=Devnet). On every SIGHUP the on-disk authority marker at /tmp/workspace/olivexo28/QBIND/docs/devnet/run_139_sighup_v2_live_reload_release_binary/data/scenario_R2_same_seq_different_digest_v2_refused/pqc_authority_state.json is compared against the candidate's verified ratification BEFORE any snapshot/swap/eviction/commit, and persisted AFTER the existing Run 070 commit_sequence boundary returns Ok.
[binary] Run 074: SIGHUP-driven live trust-bundle reload-apply trigger ENABLED. Candidate path: /tmp/workspace/olivexo28/QBIND/docs/devnet/run_139_sighup_v2_live_reload_release_binary/data/scenario_R2_same_seq_different_digest_v2_refused/reload-bundle.json. Sequence persistence: /tmp/workspace/olivexo28/QBIND/docs/devnet/run_139_sighup_v2_live_reload_release_binary/data/scenario_R2_same_seq_different_digest_v2_refused/pqc_trust_bundle_sequence.json. On each SIGHUP the candidate is validated through Run 069, applied through Run 073, sessions are evicted via Run 072, and the sequence record is committed atomically. Local file only; no peer / gossip input; concurrent triggers are rejected by an in-process guard. See docs/devnet/QBIND_DEVNET_EVIDENCE_RUN_074.md.
[binary] Run 032: validator signer not loaded — config.signer_keystore_path is not set; Run 030 bit-equivalent path (no outbound timeout signing). See docs/devnet/QBIND_DEVNET_EVIDENCE_RUN_032.md.
[binary] Run 033: SuiteAwareValidatorKeyProvider NOT built — network.static_peer_consensus_keys is empty (no --validator-consensus-key entries). Preserving Run 032 SignerPresentKeyProviderUnavailable disabled behaviour. See docs/whitepaper/contradiction.md C5.
[binary] Run 033: timeout-verification probe: active=false reason=production pieces unavailable in current qbind-node binary path: qbind-node main.rs does not yet load validator keystore (signer_keystore_path unread on startup), NodeConfig.network.static_peers carries no per-peer (suite_id, pk_bytes), and --p2p-mutual-auth runs on test-grade TrustedClientRoots/DummySig — see docs/whitepaper/contradiction.md C4/C5 policy=OptionalActivate validators=1 chain_id=chain_51424e4444455600 supported_suite_ids=[100] local_signer=absent(keystore_path_not_configured) peer_key_provider=absent(no_configured_keys)
[binary] Run 033: timeout verification DISABLED — BinaryConsensusLoopIo::verification_ctx=None (Run 030 bit-equivalent path). Inbound timeout/new-view crypto verification and outbound timeout signing remain off until production pieces land. See docs/whitepaper/contradiction.md C5.
[binary] P2P node started. Press Ctrl+C to exit.
[binary-consensus] Starting consensus loop: local_id=ValidatorId(0) num_validators=1 tick=100ms restore_baseline=false interconnect=p2p late_peer_reemit=on timeout_verification=off
[snapshot] periodic snapshot trigger disabled: snapshot config disabled
[binary] Run 074: SIGHUP received — running live trust-bundle reload-apply trigger.
[binary] Run 138: VERDICT=marker-rejected-v2 (SIGHUP v2 authority-marker preflight refused the candidate BEFORE any snapshot, swap, eviction, or sequence commit; live trust state, sessions, on-disk sequence record, and on-disk authority-marker file are all unchanged). Reason: Run 134: v2 authority-marker same-sequence equivocation rejected: authority_domain_sequence=1 persisted_digest=ce3d0142a9a77f2f72307077844568051241d35d09652b8e84b943d8cbb78963 attempted_digest=aa1c02e32eff682ec67eb2c557210c4d96a97c8fe5ae63d56003755f8d988f56 (fail closed; two distinct v2 ratifications cannot share the same authority_domain_sequence)
