[T175] Warning: P2P enabled in DevNet environment. DevNet v0 freeze recommends LocalMesh. Use --env testnet for P2P experimentation.
[run-102] no external --genesis-path configured; canonical boot verification skipped (env=Devnet, embedded-genesis path). MainNet always requires --genesis-path so this branch is unreachable on MainNet.
[restore] no --restore-from-snapshot requested; normal startup.
[binary] Run 088: P2P peer-candidate wire receiver armed for validation-before-propagation acceptance (propagation_enabled=false; NOT applied; sequence not persisted; live trust state unchanged; sessions untouched). Frame discriminator 0x05, envelope version 1, domain tag "QBIND:PQC_TRUST_BUNDLE_PEER_CANDIDATE_WIRE:v1"). See docs/devnet/QBIND_DEVNET_EVIDENCE_RUN_078.md.
[T175] Warning: P2P enabled in DevNet environment. DevNet v0 freeze recommends LocalMesh. Use --env testnet for P2P experimentation.
[metrics_http] Enabling metrics HTTP server on 127.0.0.1:9552 (from QBIND_METRICS_HTTP_ADDR)
[metrics] Spawning metrics HTTP server on 127.0.0.1:9552 (set via QBIND_METRICS_HTTP_ADDR)
[metrics_http] Listening on 127.0.0.1:9552
[T104] No schema version found in storage - treating as legacy v0 (compatible)
[M16] Epoch consistency check passed: current_epoch=None
[binary] Run 093 consensus storage: state=present-no-committed-epoch path=/tmp/qbind-run110-live-peer-candidate-ratification-n3/data/v2/consensus
[binary] P2P mode: starting transport + consensus loop. environment=DevNet profile=nonce-only
[binary] B12: mutual_auth_mode=Required (source: --p2p-mutual-auth)
[binary] Run 057: trust-bundle activation gate satisfied (required_height=None current_height=Some(0) required_epoch=None current_epoch=None)
[run-106] startup ratification gate SKIPPED (policy=devnet-no-operator-opt-in, env=Devnet). This is NOT a passed ratification; it preserves pre-Run-105 DevNet behaviour for developer workflows. MainNet/TestNet always invoke the gate by default and never reach this branch.
[binary] Run 055: trust-bundle sequence persistence env=devnet chain_id=51424e4444455600 path=/tmp/qbind-run110-live-peer-candidate-ratification-n3/data/v2/pqc_trust_bundle_sequence.json equal-sequence same-fingerprint (no write) sequence=1 fp=0a79ed44
[binary] Run 050/051: trust bundle loaded path=/tmp/qbind-run110-live-peer-candidate-ratification-n3/material/trust-bundle.json env=devnet fp=0a79ed442fbfa4e5c49940a8ab9d7154fa7cd2826517b244b9b9ffb31d3ce801 active_roots=1 revoked_roots=0 sequence=1 valid_from=0 valid_until=18446744073709551615 signature=verified(signing_key_id=0651723a..) signing_keys_configured=1. Bundle root IDs: [1817c600..]
[binary] Run 062: trust-bundle revocation activation (configured=0 active=0 pending=0 root_active=0 root_pending=0 leaf_active=0 leaf_pending=0)
[binary] Run 063: local-leaf issuer-root startup self-check passed (local_issuer_root_id=1817c600.. bundle_fp=0a79ed44.. active_revoked_root_ids=0)
[binary] Run 039: pqc_root_mode=pqc-static-root transport_kem_suite=ml-kem-768 configured_roots=1 leaf_credentials_present=true peer_leaf_certs=2 (root fingerprints: [id=1817c600.. suite=100 fp=e575c7bb])
[binary] Run 052: revoked_leaf_fingerprints=0 (from trust bundle env=devnet sequence=1)
[binary] Run 071: live PQC trust-state initialized (env=devnet sequence=1 fingerprint=0a79ed442fbfa4e5c49940a8ab9d7154fa7cd2826517b244b9b9ffb31d3ce801 active_roots=1 revoked_roots_active=0 revoked_leaves_active=0)
[run-109] live peer-candidate wire ratification gate SKIPPED (policy=devnet-no-operator-opt-in, env=Devnet). This preserves pre-Run-109 DevNet legacy behaviour only; MainNet/TestNet always invoke the gate by default and never reach this branch.
[binary] Run 088: installing live peer-candidate wire dispatcher (env=devnet sequence_baseline=1 signing_keys=1 propagation_enabled=false consensus_storage_for_epoch=true).
[Run040] P2pNodeBuilder: pqc_root_mode=pqc-static-root sig_suite_id=100 transport_kem_suite_id=100 transport_kem_suite_name=ml-kem-768 dummy_kem_registered=false transport_aead_suite_id=101 transport_aead_suite_name=chacha20-poly1305 dummy_aead_registered=false configured_roots=1 leaf_credentials_present=true
[binary] P2P transport up. Listen address: 127.0.0.1:19052, static peers: 2
[binary] Run 094: binary consensus loop wired to canonical production ConsensusStorage handle (P2P).
[binary] Consensus loop config: local_validator_id=ValidatorId(2) num_validators=3 restore_baseline=false interconnect=p2p
[binary] Multi-validator P2P (3 validators): inbound P2P consensus messages are routed into BasicHotStuffEngine via on_proposal_event / on_vote_event; engine actions flow back out through P2pConsensusNetwork.
[snapshot] VM-v0 SIGUSR1 snapshot trigger disabled: --snapshot-dir not configured
[binary] Run 032: validator signer loaded — backend=local-keystore-plain validator_id=ValidatorId(2) suite_id=suite_100 pk_fingerprint=07beb426... keystore_path=/tmp/qbind-run110-live-peer-candidate-ratification-n3/signers/v2
[binary] Run 033: SuiteAwareValidatorKeyProvider built honestly — loaded(validators=3,peer_ids=[0, 1],suite_ids=[100],fingerprints=["v0:s100:139dc85a...", "v1:s100:66ebde15...", "v2:s100:07beb426..."])
[binary] Run 033: timeout-verification probe: active=true reason=n/a policy=OptionalActivate validators=3 chain_id=chain_51424e4444455600 supported_suite_ids=[100] local_signer=loaded(backend=local-keystore-plain,validator=ValidatorId(2),suite=suite_100) peer_key_provider=loaded(validators=3,peer_ids=[0, 1],suite_ids=[100],fingerprints=["v0:s100:139dc85a...", "v1:s100:66ebde15...", "v2:s100:07beb426..."])
[binary] Run 033: timeout verification ACTIVE — Arc<TimeoutVerificationContext> threaded into BinaryConsensusLoopIo::verification_ctx. Inbound TimeoutMsg / NewView / TC traffic will be verified before engine ingestion; locally-emitted timeouts will be signed before broadcast. signer_loaded=1 key_provider_loaded=1 validator_count=3
[binary] P2P node started. Press Ctrl+C to exit.
[binary-consensus] Starting consensus loop: local_id=ValidatorId(2) num_validators=3 tick=100ms restore_baseline=false interconnect=p2p late_peer_reemit=on timeout_verification=verify+sign
[snapshot] periodic snapshot trigger disabled: snapshot config disabled
[P2P] Inbound connection error: Handshake error: channel error: Io(Error { kind: UnexpectedEof, message: "failed to fill whole buffer" })
[P2P] Inbound connection error: Handshake error: channel error: Io(Error { kind: UnexpectedEof, message: "failed to fill whole buffer" })
[binary] Run 078: peer-candidate wire frame observed; outcome=validated; NOT applied; not propagated; sequence not persisted; live trust state unchanged; sessions untouched (peer_id=<unknown>)
[binary] Run 078: peer-candidate wire frame observed; outcome=duplicate-suppressed; NOT applied; not propagated; sequence not persisted; live trust state unchanged; sessions untouched (peer_id=<unknown>)
[binary-consensus] committed_anchor height=0 block_id=00000000000000000000000000000000ffffffffffffffffffffffffffffffff
[snapshot] periodic snapshot skipped: committed height is zero
[binary-consensus] committed_anchor height=1 block_id=0100000000000000010000000000000000000000000000000000000000000000
