[run-102] OK: canonical Run 101 genesis verification passed (env=Mainnet, genesis=/tmp/run-102-fixtures/out/genesis_a.json, canonical_hash=0xc0bf6b82180bac5e2aa6acb51217fc63ba457862558776ab6a338f80fbc89872).
[restore] no --restore-from-snapshot requested; normal startup.
[metrics] Metrics HTTP server disabled (set QBIND_METRICS_HTTP_ADDR=host:port to enable)
[binary] Run 093 consensus storage: state=no-consensus-storage path=<none>
[binary] LocalMesh mode: starting consensus loop. environment=MainNet profile=nonce-only
[binary] Run 094: no canonical production ConsensusStorage handle available (data_dir unset) — no epoch persistence on this LocalMesh invocation.
[binary] Consensus loop config: local_validator_id=ValidatorId(0) num_validators=1 restore_baseline=false
[binary] Single-validator LocalMesh: leader self-quorum will commit a block per tick.
[snapshot] VM-v0 SIGUSR1 snapshot trigger disabled: --snapshot-dir not configured
[binary] Consensus loop running. Press Ctrl+C to exit.
[binary-consensus] Starting consensus loop: local_id=ValidatorId(0) num_validators=1 tick=100ms restore_baseline=false interconnect=none late_peer_reemit=off timeout_verification=off
[snapshot] periodic snapshot trigger disabled: snapshot config disabled
[binary-consensus] committed_anchor height=0 block_id=00000000000000000000000000000000ffffffffffffffffffffffffffffffff
[snapshot] periodic snapshot skipped: committed height is zero
[binary-consensus] committed_anchor height=1 block_id=0000000000000000010000000000000000000000000000000000000000000000
[binary-consensus] committed_anchor height=2 block_id=0000000000000000020000000000000000000000000000000100000000000000
[binary-consensus] committed_anchor height=3 block_id=0000000000000000030000000000000000000000000000000200000000000000
[binary-consensus] committed_anchor height=4 block_id=0000000000000000040000000000000000000000000000000300000000000000
[binary-consensus] committed_anchor height=5 block_id=0000000000000000050000000000000000000000000000000400000000000000
[binary-consensus] committed_anchor height=6 block_id=0000000000000000060000000000000000000000000000000500000000000000
[binary-consensus] committed_anchor height=7 block_id=0000000000000000070000000000000000000000000000000600000000000000
[binary-consensus] committed_anchor height=8 block_id=0000000000000000080000000000000000000000000000000700000000000000
[binary-consensus] committed_anchor height=9 block_id=0000000000000000090000000000000000000000000000000800000000000000
[binary-consensus] committed_anchor height=10 block_id=00000000000000000a0000000000000000000000000000000900000000000000
[binary-consensus] committed_anchor height=11 block_id=00000000000000000b0000000000000000000000000000000a00000000000000
[binary-consensus] committed_anchor height=12 block_id=00000000000000000c0000000000000000000000000000000b00000000000000
[binary-consensus] committed_anchor height=13 block_id=00000000000000000d0000000000000000000000000000000c00000000000000
[binary-consensus] committed_anchor height=14 block_id=00000000000000000e0000000000000000000000000000000d00000000000000
[binary-consensus] committed_anchor height=15 block_id=00000000000000000f0000000000000000000000000000000e00000000000000
[binary-consensus] committed_anchor height=16 block_id=0000000000000000100000000000000000000000000000000f00000000000000
[binary-consensus] committed_anchor height=17 block_id=0000000000000000110000000000000000000000000000001000000000000000
[binary-consensus] committed_anchor height=18 block_id=0000000000000000120000000000000000000000000000001100000000000000
[binary-consensus] committed_anchor height=19 block_id=0000000000000000130000000000000000000000000000001200000000000000
[binary-consensus] committed_anchor height=20 block_id=0000000000000000140000000000000000000000000000001300000000000000
[binary-consensus] committed_anchor height=21 block_id=0000000000000000150000000000000000000000000000001400000000000000
[binary-consensus] committed_anchor height=22 block_id=0000000000000000160000000000000000000000000000001500000000000000
[binary-consensus] committed_anchor height=23 block_id=0000000000000000170000000000000000000000000000001600000000000000
[binary-consensus] committed_anchor height=24 block_id=0000000000000000180000000000000000000000000000001700000000000000
[binary-consensus] committed_anchor height=25 block_id=0000000000000000190000000000000000000000000000001800000000000000
[binary-consensus] committed_anchor height=26 block_id=00000000000000001a0000000000000000000000000000001900000000000000
[binary-consensus] committed_anchor height=27 block_id=00000000000000001b0000000000000000000000000000001a00000000000000
[binary-consensus] committed_anchor height=28 block_id=00000000000000001c0000000000000000000000000000001b00000000000000
[binary-consensus] committed_anchor height=29 block_id=00000000000000001d0000000000000000000000000000001c00000000000000
[binary-consensus] committed_anchor height=30 block_id=00000000000000001e0000000000000000000000000000001d00000000000000
[binary-consensus] committed_anchor height=31 block_id=00000000000000001f0000000000000000000000000000001e00000000000000
[binary-consensus] committed_anchor height=32 block_id=0000000000000000200000000000000000000000000000001f00000000000000
[binary-consensus] committed_anchor height=33 block_id=0000000000000000210000000000000000000000000000002000000000000000
[binary-consensus] committed_anchor height=34 block_id=0000000000000000220000000000000000000000000000002100000000000000
[binary-consensus] committed_anchor height=35 block_id=0000000000000000230000000000000000000000000000002200000000000000
[binary-consensus] committed_anchor height=36 block_id=0000000000000000240000000000000000000000000000002300000000000000
[binary-consensus] committed_anchor height=37 block_id=0000000000000000250000000000000000000000000000002400000000000000
[binary-consensus] committed_anchor height=38 block_id=0000000000000000260000000000000000000000000000002500000000000000
[binary-consensus] committed_anchor height=39 block_id=0000000000000000270000000000000000000000000000002600000000000000
[binary-consensus] committed_anchor height=40 block_id=0000000000000000280000000000000000000000000000002700000000000000
[binary-consensus] committed_anchor height=41 block_id=0000000000000000290000000000000000000000000000002800000000000000
[binary-consensus] committed_anchor height=42 block_id=00000000000000002a0000000000000000000000000000002900000000000000
[binary-consensus] committed_anchor height=43 block_id=00000000000000002b0000000000000000000000000000002a00000000000000
[binary-consensus] committed_anchor height=44 block_id=00000000000000002c0000000000000000000000000000002b00000000000000
[binary-consensus] committed_anchor height=45 block_id=00000000000000002d0000000000000000000000000000002c00000000000000
[binary-consensus] committed_anchor height=46 block_id=00000000000000002e0000000000000000000000000000002d00000000000000
[binary-consensus] committed_anchor height=47 block_id=00000000000000002f0000000000000000000000000000002e00000000000000
[binary-consensus] committed_anchor height=48 block_id=0000000000000000300000000000000000000000000000002f00000000000000
[binary-consensus] committed_anchor height=49 block_id=0000000000000000310000000000000000000000000000003000000000000000
[binary-consensus] committed_anchor height=50 block_id=0000000000000000320000000000000000000000000000003100000000000000
[binary-consensus] committed_anchor height=51 block_id=0000000000000000330000000000000000000000000000003200000000000000
[binary-consensus] committed_anchor height=52 block_id=0000000000000000340000000000000000000000000000003300000000000000
[binary-consensus] committed_anchor height=53 block_id=0000000000000000350000000000000000000000000000003400000000000000
[binary-consensus] committed_anchor height=54 block_id=0000000000000000360000000000000000000000000000003500000000000000
[binary-consensus] committed_anchor height=55 block_id=0000000000000000370000000000000000000000000000003600000000000000
[binary-consensus] committed_anchor height=56 block_id=0000000000000000380000000000000000000000000000003700000000000000
[binary-consensus] committed_anchor height=57 block_id=0000000000000000390000000000000000000000000000003800000000000000
[binary-consensus] committed_anchor height=58 block_id=00000000000000003a0000000000000000000000000000003900000000000000
[binary-consensus] committed_anchor height=59 block_id=00000000000000003b0000000000000000000000000000003a00000000000000
[binary-consensus] committed_anchor height=60 block_id=00000000000000003c0000000000000000000000000000003b00000000000000
[binary-consensus] committed_anchor height=61 block_id=00000000000000003d0000000000000000000000000000003c00000000000000
[binary-consensus] committed_anchor height=62 block_id=00000000000000003e0000000000000000000000000000003d00000000000000
[binary-consensus] committed_anchor height=63 block_id=00000000000000003f0000000000000000000000000000003e00000000000000
[binary-consensus] committed_anchor height=64 block_id=0000000000000000400000000000000000000000000000003f00000000000000
[binary-consensus] committed_anchor height=65 block_id=0000000000000000410000000000000000000000000000004000000000000000
[binary-consensus] committed_anchor height=66 block_id=0000000000000000420000000000000000000000000000004100000000000000
[binary-consensus] committed_anchor height=67 block_id=0000000000000000430000000000000000000000000000004200000000000000
[binary-consensus] committed_anchor height=68 block_id=0000000000000000440000000000000000000000000000004300000000000000
[binary-consensus] committed_anchor height=69 block_id=0000000000000000450000000000000000000000000000004400000000000000
[binary-consensus] committed_anchor height=70 block_id=0000000000000000460000000000000000000000000000004500000000000000
[binary-consensus] committed_anchor height=71 block_id=0000000000000000470000000000000000000000000000004600000000000000
[binary-consensus] committed_anchor height=72 block_id=0000000000000000480000000000000000000000000000004700000000000000
[binary-consensus] committed_anchor height=73 block_id=0000000000000000490000000000000000000000000000004800000000000000
[binary-consensus] committed_anchor height=74 block_id=00000000000000004a0000000000000000000000000000004900000000000000
[binary-consensus] committed_anchor height=75 block_id=00000000000000004b0000000000000000000000000000004a00000000000000
[binary-consensus] committed_anchor height=76 block_id=00000000000000004c0000000000000000000000000000004b00000000000000
[binary-consensus] committed_anchor height=77 block_id=00000000000000004d0000000000000000000000000000004c00000000000000
[binary-consensus] committed_anchor height=78 block_id=00000000000000004e0000000000000000000000000000004d00000000000000
[binary-consensus] committed_anchor height=79 block_id=00000000000000004f0000000000000000000000000000004e00000000000000
[binary-consensus] committed_anchor height=80 block_id=0000000000000000500000000000000000000000000000004f00000000000000
[binary-consensus] committed_anchor height=81 block_id=0000000000000000510000000000000000000000000000005000000000000000
[binary-consensus] committed_anchor height=82 block_id=0000000000000000520000000000000000000000000000005100000000000000
[binary-consensus] committed_anchor height=83 block_id=0000000000000000530000000000000000000000000000005200000000000000
[binary-consensus] committed_anchor height=84 block_id=0000000000000000540000000000000000000000000000005300000000000000
[binary-consensus] committed_anchor height=85 block_id=0000000000000000550000000000000000000000000000005400000000000000
[binary-consensus] committed_anchor height=86 block_id=0000000000000000560000000000000000000000000000005500000000000000
[binary-consensus] committed_anchor height=87 block_id=0000000000000000570000000000000000000000000000005600000000000000
[binary-consensus] committed_anchor height=88 block_id=0000000000000000580000000000000000000000000000005700000000000000
[binary-consensus] committed_anchor height=89 block_id=0000000000000000590000000000000000000000000000005800000000000000
[binary-consensus] committed_anchor height=90 block_id=00000000000000005a0000000000000000000000000000005900000000000000
[binary-consensus] committed_anchor height=91 block_id=00000000000000005b0000000000000000000000000000005a00000000000000
[binary-consensus] committed_anchor height=92 block_id=00000000000000005c0000000000000000000000000000005b00000000000000
[binary-consensus] committed_anchor height=93 block_id=00000000000000005d0000000000000000000000000000005c00000000000000
[binary-consensus] committed_anchor height=94 block_id=00000000000000005e0000000000000000000000000000005d00000000000000
[binary-consensus] committed_anchor height=95 block_id=00000000000000005f0000000000000000000000000000005e00000000000000
[binary-consensus] committed_anchor height=96 block_id=0000000000000000600000000000000000000000000000005f00000000000000
[binary-consensus] committed_anchor height=97 block_id=0000000000000000610000000000000000000000000000006000000000000000