[T175] Warning: P2P enabled in DevNet environment. DevNet v0 freeze recommends LocalMesh. Use --env testnet for P2P experimentation.
[restore] no --restore-from-snapshot requested; normal startup.
[T175] Warning: P2P enabled in DevNet environment. DevNet v0 freeze recommends LocalMesh. Use --env testnet for P2P experimentation.
[metrics_http] Enabling metrics HTTP server on 127.0.0.1:19541 (from QBIND_METRICS_HTTP_ADDR)
[metrics] Spawning metrics HTTP server on 127.0.0.1:19541 (set via QBIND_METRICS_HTTP_ADDR)
[binary] P2P mode: starting transport + consensus loop. environment=DevNet profile=nonce-only
[binary] B12: mutual_auth_mode=Required (source: --p2p-mutual-auth)
[metrics_http] Listening on 127.0.0.1:19541
[binary] Run 050/051: trust bundle loaded path=/tmp/run054/signed-devnet-revoked-unknown/trust-bundle.json env=devnet fp=c0baec5bf57a0bc23eccb1ffb9fb0e1950e3e945611db83da8813421ada6d3cc active_roots=1 revoked_roots=0 sequence=1 valid_from=0 valid_until=18446744073709551615 signature=verified(signing_key_id=86038cec..) signing_keys_configured=1. Bundle root IDs: [bd53cc9c..]
[binary] Run 039: pqc_root_mode=pqc-static-root transport_kem_suite=ml-kem-768 configured_roots=1 leaf_credentials_present=true peer_leaf_certs=1 (root fingerprints: [id=bd53cc9c.. suite=100 fp=b0bbdf96])
[binary] Run 052: revoked_leaf_fingerprints=1 (from trust bundle env=devnet sequence=1)
[Run040] P2pNodeBuilder: pqc_root_mode=pqc-static-root sig_suite_id=100 transport_kem_suite_id=100 transport_kem_suite_name=ml-kem-768 dummy_kem_registered=false transport_aead_suite_id=101 transport_aead_suite_name=chacha20-poly1305 dummy_aead_registered=false configured_roots=1 leaf_credentials_present=true
[binary] P2P transport up. Listen address: 127.0.0.1:19441, static peers: 1
[binary] Consensus loop config: local_validator_id=ValidatorId(1) num_validators=2 restore_baseline=false interconnect=p2p
[binary] Multi-validator P2P (2 validators): inbound P2P consensus messages are routed into BasicHotStuffEngine via on_proposal_event / on_vote_event; engine actions flow back out through P2pConsensusNetwork.
[snapshot] VM-v0 SIGUSR1 snapshot trigger disabled: --snapshot-dir not configured
[binary] Run 032: validator signer not loaded — config.signer_keystore_path is not set; Run 030 bit-equivalent path (no outbound timeout signing). See docs/devnet/QBIND_DEVNET_EVIDENCE_RUN_032.md.
[binary] Run 033: SuiteAwareValidatorKeyProvider NOT built — network.static_peer_consensus_keys is empty (no --validator-consensus-key entries). Preserving Run 032 SignerPresentKeyProviderUnavailable disabled behaviour. See docs/whitepaper/contradiction.md C5.
[binary] Run 033: timeout-verification probe: active=false reason=production pieces unavailable in current qbind-node binary path: qbind-node main.rs does not yet load validator keystore (signer_keystore_path unread on startup), NodeConfig.network.static_peers carries no per-peer (suite_id, pk_bytes), and --p2p-mutual-auth runs on test-grade TrustedClientRoots/DummySig — see docs/whitepaper/contradiction.md C4/C5 policy=OptionalActivate validators=2 chain_id=chain_51424e4444455600 supported_suite_ids=[100] local_signer=absent(keystore_path_not_configured) peer_key_provider=absent(no_configured_keys)
[binary] Run 033: timeout verification DISABLED — BinaryConsensusLoopIo::verification_ctx=None (Run 030 bit-equivalent path). Inbound timeout/new-view crypto verification and outbound timeout signing remain off until production pieces land. See docs/whitepaper/contradiction.md C5.
[binary] P2P node started. Press Ctrl+C to exit.
[binary-consensus] Starting consensus loop: local_id=ValidatorId(1) num_validators=2 tick=100ms restore_baseline=false interconnect=p2p late_peer_reemit=on timeout_verification=off
[snapshot] periodic snapshot trigger disabled: snapshot config disabled
[P2P] Inbound connection error: Handshake error: channel error: Io(Error { kind: UnexpectedEof, message: "failed to fill whole buffer" })
[binary-consensus] committed_anchor height=0 block_id=00000000000000000000000000000000ffffffffffffffffffffffffffffffff
[snapshot] periodic snapshot skipped: committed height is zero
[binary-consensus] committed_anchor height=1 block_id=0100000000000000010000000000000000000000000000000000000000000000
[binary-consensus] committed_anchor height=2 block_id=0000000000000000020000000000000001000000000000000100000000000000
[binary-consensus] committed_anchor height=3 block_id=0100000000000000030000000000000000000000000000000200000000000000
[binary-consensus] committed_anchor height=4 block_id=0000000000000000040000000000000001000000000000000300000000000000
[binary-consensus] committed_anchor height=5 block_id=0100000000000000050000000000000000000000000000000400000000000000
[binary-consensus] committed_anchor height=6 block_id=0000000000000000060000000000000001000000000000000500000000000000
[binary-consensus] committed_anchor height=7 block_id=0100000000000000070000000000000000000000000000000600000000000000
[binary-consensus] committed_anchor height=8 block_id=0000000000000000080000000000000001000000000000000700000000000000
[binary-consensus] committed_anchor height=9 block_id=0100000000000000090000000000000000000000000000000800000000000000
[binary-consensus] committed_anchor height=10 block_id=00000000000000000a0000000000000001000000000000000900000000000000
[binary-consensus] committed_anchor height=11 block_id=01000000000000000b0000000000000000000000000000000a00000000000000
[binary-consensus] committed_anchor height=12 block_id=00000000000000000c0000000000000001000000000000000b00000000000000
[binary-consensus] committed_anchor height=13 block_id=01000000000000000d0000000000000000000000000000000c00000000000000
[binary-consensus] committed_anchor height=14 block_id=00000000000000000e0000000000000001000000000000000d00000000000000
[binary-consensus] committed_anchor height=15 block_id=01000000000000000f0000000000000000000000000000000e00000000000000
[binary-consensus] committed_anchor height=16 block_id=0000000000000000100000000000000001000000000000000f00000000000000
[binary-consensus] committed_anchor height=17 block_id=0100000000000000110000000000000000000000000000001000000000000000
[binary-consensus] committed_anchor height=18 block_id=0000000000000000120000000000000001000000000000001100000000000000
[binary-consensus] committed_anchor height=19 block_id=0100000000000000130000000000000000000000000000001200000000000000
[binary-consensus] committed_anchor height=20 block_id=0000000000000000140000000000000001000000000000001300000000000000
[binary-consensus] committed_anchor height=21 block_id=0100000000000000150000000000000000000000000000001400000000000000
[binary-consensus] committed_anchor height=22 block_id=0000000000000000160000000000000001000000000000001500000000000000
[binary-consensus] committed_anchor height=23 block_id=0100000000000000170000000000000000000000000000001600000000000000
[binary-consensus] committed_anchor height=24 block_id=0000000000000000180000000000000001000000000000001700000000000000
[binary-consensus] committed_anchor height=25 block_id=0100000000000000190000000000000000000000000000001800000000000000
[binary-consensus] committed_anchor height=26 block_id=00000000000000001a0000000000000001000000000000001900000000000000
[binary-consensus] committed_anchor height=27 block_id=01000000000000001b0000000000000000000000000000001a00000000000000
[binary-consensus] committed_anchor height=28 block_id=00000000000000001c0000000000000001000000000000001b00000000000000
[binary-consensus] committed_anchor height=29 block_id=01000000000000001d0000000000000000000000000000001c00000000000000
[binary-consensus] committed_anchor height=30 block_id=00000000000000001e0000000000000001000000000000001d00000000000000
[binary-consensus] committed_anchor height=31 block_id=01000000000000001f0000000000000000000000000000001e00000000000000
[binary-consensus] committed_anchor height=32 block_id=0000000000000000200000000000000001000000000000001f00000000000000
[binary-consensus] committed_anchor height=33 block_id=0100000000000000210000000000000000000000000000002000000000000000
[binary-consensus] committed_anchor height=34 block_id=0000000000000000220000000000000001000000000000002100000000000000
[binary-consensus] committed_anchor height=35 block_id=0100000000000000230000000000000000000000000000002200000000000000
[binary-consensus] committed_anchor height=36 block_id=0000000000000000240000000000000001000000000000002300000000000000
[binary-consensus] committed_anchor height=37 block_id=0100000000000000250000000000000000000000000000002400000000000000
[binary-consensus] committed_anchor height=38 block_id=0000000000000000260000000000000001000000000000002500000000000000
[binary-consensus] committed_anchor height=39 block_id=0100000000000000270000000000000000000000000000002600000000000000
[binary-consensus] committed_anchor height=40 block_id=0000000000000000280000000000000001000000000000002700000000000000
[binary-consensus] committed_anchor height=41 block_id=0100000000000000290000000000000000000000000000002800000000000000
[binary-consensus] committed_anchor height=42 block_id=00000000000000002a0000000000000001000000000000002900000000000000
[binary-consensus] committed_anchor height=43 block_id=01000000000000002b0000000000000000000000000000002a00000000000000
[binary-consensus] committed_anchor height=44 block_id=00000000000000002c0000000000000001000000000000002b00000000000000
[binary-consensus] committed_anchor height=45 block_id=01000000000000002d0000000000000000000000000000002c00000000000000
[binary-consensus] committed_anchor height=46 block_id=00000000000000002e0000000000000001000000000000002d00000000000000
[binary-consensus] committed_anchor height=47 block_id=01000000000000002f0000000000000000000000000000002e00000000000000
[binary-consensus] committed_anchor height=48 block_id=0000000000000000300000000000000001000000000000002f00000000000000
[binary-consensus] committed_anchor height=49 block_id=0100000000000000310000000000000000000000000000003000000000000000
[binary-consensus] committed_anchor height=50 block_id=0000000000000000320000000000000001000000000000003100000000000000
[binary-consensus] committed_anchor height=51 block_id=0100000000000000330000000000000000000000000000003200000000000000
[binary-consensus] committed_anchor height=52 block_id=0000000000000000340000000000000001000000000000003300000000000000
[binary-consensus] committed_anchor height=53 block_id=0100000000000000350000000000000000000000000000003400000000000000
[binary-consensus] committed_anchor height=54 block_id=0000000000000000360000000000000001000000000000003500000000000000