[restore] no --restore-from-snapshot requested; normal startup.
[metrics] Metrics HTTP server disabled (set QBIND_METRICS_HTTP_ADDR=host:port to enable)
[T104] No schema version found in storage - treating as legacy v0 (compatible)
[M16] Epoch consistency check passed: current_epoch=None
[binary] Run 093 consensus storage: state=present-no-committed-epoch path=/tmp/run094_smoke/datadir/consensus
[binary] LocalMesh mode: starting consensus loop. environment=DevNet profile=nonce-only
[binary] Run 094: binary consensus loop wired to canonical production ConsensusStorage handle (LocalMesh).
[binary] Consensus loop config: local_validator_id=ValidatorId(0) num_validators=1 restore_baseline=false
[binary] Single-validator LocalMesh: leader self-quorum will commit a block per tick.
[snapshot] VM-v0 SIGUSR1 snapshot trigger disabled: --snapshot-dir not configured
[binary] Consensus loop running. Press Ctrl+C to exit.
[binary-consensus] Starting consensus loop: local_id=ValidatorId(0) num_validators=1 tick=100ms restore_baseline=false interconnect=none late_peer_reemit=off timeout_verification=off
[snapshot] periodic snapshot trigger disabled: snapshot config disabled
[binary-consensus] committed_anchor height=0 block_id=00000000000000000000000000000000ffffffffffffffffffffffffffffffff
[snapshot] periodic snapshot skipped: committed height is zero
[binary-consensus] committed_anchor height=1 block_id=0000000000000000010000000000000000000000000000000000000000000000
[binary-consensus] committed_anchor height=2 block_id=0000000000000000020000000000000000000000000000000100000000000000
[binary-consensus] committed_anchor height=3 block_id=0000000000000000030000000000000000000000000000000200000000000000
[binary-consensus] committed_anchor height=4 block_id=0000000000000000040000000000000000000000000000000300000000000000
[binary-consensus] committed_anchor height=5 block_id=0000000000000000050000000000000000000000000000000400000000000000
[binary-consensus] committed_anchor height=6 block_id=0000000000000000060000000000000000000000000000000500000000000000
[binary-consensus] committed_anchor height=7 block_id=0000000000000000070000000000000000000000000000000600000000000000
[binary-consensus] committed_anchor height=8 block_id=0000000000000000080000000000000000000000000000000700000000000000
[binary-consensus] committed_anchor height=9 block_id=0000000000000000090000000000000000000000000000000800000000000000
[binary-consensus] committed_anchor height=10 block_id=00000000000000000a0000000000000000000000000000000900000000000000
[binary-consensus] committed_anchor height=11 block_id=00000000000000000b0000000000000000000000000000000a00000000000000
[binary-consensus] committed_anchor height=12 block_id=00000000000000000c0000000000000000000000000000000b00000000000000
[binary-consensus] committed_anchor height=13 block_id=00000000000000000d0000000000000000000000000000000c00000000000000
[binary-consensus] committed_anchor height=14 block_id=00000000000000000e0000000000000000000000000000000d00000000000000
[binary-consensus] committed_anchor height=15 block_id=00000000000000000f0000000000000000000000000000000e00000000000000
[binary-consensus] committed_anchor height=16 block_id=0000000000000000100000000000000000000000000000000f00000000000000
[binary-consensus] committed_anchor height=17 block_id=0000000000000000110000000000000000000000000000001000000000000000
[binary-consensus] committed_anchor height=18 block_id=0000000000000000120000000000000000000000000000001100000000000000
[binary-consensus] committed_anchor height=19 block_id=0000000000000000130000000000000000000000000000001200000000000000
[binary-consensus] committed_anchor height=20 block_id=0000000000000000140000000000000000000000000000001300000000000000
[binary-consensus] committed_anchor height=21 block_id=0000000000000000150000000000000000000000000000001400000000000000
[binary-consensus] committed_anchor height=22 block_id=0000000000000000160000000000000000000000000000001500000000000000
[binary-consensus] committed_anchor height=23 block_id=0000000000000000170000000000000000000000000000001600000000000000
[binary-consensus] committed_anchor height=24 block_id=0000000000000000180000000000000000000000000000001700000000000000
[binary-consensus] committed_anchor height=25 block_id=0000000000000000190000000000000000000000000000001800000000000000
[binary-consensus] committed_anchor height=26 block_id=00000000000000001a0000000000000000000000000000001900000000000000
[binary-consensus] committed_anchor height=27 block_id=00000000000000001b0000000000000000000000000000001a00000000000000
[binary-consensus] committed_anchor height=28 block_id=00000000000000001c0000000000000000000000000000001b00000000000000
[binary-consensus] committed_anchor height=29 block_id=00000000000000001d0000000000000000000000000000001c00000000000000
[binary-consensus] committed_anchor height=30 block_id=00000000000000001e0000000000000000000000000000001d00000000000000
[binary-consensus] committed_anchor height=31 block_id=00000000000000001f0000000000000000000000000000001e00000000000000
[binary-consensus] committed_anchor height=32 block_id=0000000000000000200000000000000000000000000000001f00000000000000
[binary-consensus] committed_anchor height=33 block_id=0000000000000000210000000000000000000000000000002000000000000000
[binary-consensus] committed_anchor height=34 block_id=0000000000000000220000000000000000000000000000002100000000000000