[T175] Warning: P2P enabled with zero static peers. Node will operate in single-node loopback mode.
[run-102] OK: canonical Run 101 genesis verification passed (env=Mainnet, genesis=/tmp/run115-out/fixtures/mainnet/genesis.json, canonical_hash=0x62eb7e09f07faf201f43db4ae51fd3894cf2972c675ad16fe539ba887356d7fa).
[restore] no --restore-from-snapshot requested; normal startup.
[T175] Warning: P2P enabled with zero static peers. Node will operate in single-node loopback mode.
[metrics] Metrics HTTP server disabled (set QBIND_METRICS_HTTP_ADDR=host:port to enable)
[T104] No schema version found in storage - treating as legacy v0 (compatible)
[M16] Epoch consistency check passed: current_epoch=None
[binary] Run 093 consensus storage: state=present-no-committed-epoch path=/tmp/run115-out/data/scenario_6_mainnet_unknown_authority/consensus
[binary] P2P mode: starting transport + consensus loop. environment=MainNet profile=nonce-only
[binary] B12: mutual_auth_mode=Required (source: --p2p-mutual-auth)
[binary] Run 037: --p2p-mutual-auth=required on environment=mainnet is using the production-honest PQC static-root cert-verification path. NOTE: KEM/AEAD primitives on the binary path are still test-grade and remain a separate C4 piece (not C4(c)); MainNet readiness is therefore not yet implied. See docs/whitepaper/contradiction.md C4.
[binary] Run 057: trust-bundle activation gate satisfied (required_height=None current_height=Some(0) required_epoch=None current_epoch=None)
[run-106] startup ratification gate INVOKED (policy=mainnet-default-strict, env=Mainnet).
[run-105] OK: bundle-signing key ratification verified; bundle_signing_fp=05957e16b7dc32d7bb6cfaafd675926c95f38f9f0b75fddb408d74b05b7bd553 authority_root_fp=9848c8a7f33fe7163349ef774d0dfbbe69dddf1cdded1929737a6b35185031c0 suite_id=100 env=MAIN chain_id=51424e444d41494e
[binary] Run 055: trust-bundle sequence persistence env=mainnet chain_id=51424e444d41494e path=/tmp/run115-out/data/scenario_6_mainnet_unknown_authority/pqc_trust_bundle_sequence.json first-load persisted_sequence=1 fp=de8eefdd
[binary] Run 050/051: trust bundle loaded path=/tmp/run115-out/fixtures/mainnet/baseline-bundle.json env=mainnet fp=de8eefddbc5167b17f4ecb4121fa982d0904d30edbbb00b19972cc37254264ad active_roots=1 revoked_roots=0 sequence=1 valid_from=0 valid_until=18446744073709551615 signature=verified(signing_key_id=728b21fa..) signing_keys_configured=1. Bundle root IDs: [e31cc488..]
[binary] Run 062: trust-bundle revocation activation (configured=0 active=0 pending=0 root_active=0 root_pending=0 leaf_active=0 leaf_pending=0)
[binary] Run 063: local-leaf issuer-root startup self-check passed (local_issuer_root_id=e31cc488.. bundle_fp=de8eefdd.. active_revoked_root_ids=0)
[binary] Run 039: pqc_root_mode=pqc-static-root transport_kem_suite=ml-kem-768 configured_roots=1 leaf_credentials_present=true peer_leaf_certs=0 (root fingerprints: [id=e31cc488.. suite=100 fp=392722bb])
[binary] Run 052: revoked_leaf_fingerprints=0 (from trust bundle env=mainnet sequence=1)
[binary] Run 071: live PQC trust-state initialized (env=mainnet sequence=1 fingerprint=de8eefddbc5167b17f4ecb4121fa982d0904d30edbbb00b19972cc37254264ad active_roots=1 revoked_roots_active=0 revoked_leaves_active=0)
[Run040] P2pNodeBuilder: pqc_root_mode=pqc-static-root sig_suite_id=100 transport_kem_suite_id=100 transport_kem_suite_name=ml-kem-768 dummy_kem_registered=false transport_aead_suite_id=101 transport_aead_suite_name=chacha20-poly1305 dummy_aead_registered=false configured_roots=1 leaf_credentials_present=true
[binary] P2P transport up. Listen address: 127.0.0.1:34106, static peers: 0
[binary] Run 094: binary consensus loop wired to canonical production ConsensusStorage handle (P2P).
[binary] Consensus loop config: local_validator_id=ValidatorId(0) num_validators=1 restore_baseline=false interconnect=p2p
[binary] Single-validator P2P: leader self-quorum will commit a block per tick. Inbound P2P → engine routing is wired but no peers will exercise it.
[snapshot] VM-v0 SIGUSR1 snapshot trigger disabled: --snapshot-dir not configured
[run-114] SIGHUP live reload ratification gate INVOKED (policy=mainnet-default-strict, env=Mainnet). On every SIGHUP the ratification sidecar JSON is re-read and verified BEFORE any snapshot, swap, eviction, or sequence commit.
[binary] Run 074: SIGHUP-driven live trust-bundle reload-apply trigger ENABLED. Candidate path: /tmp/run115-out/fixtures/mainnet/candidate-bundle.ratified.json. Sequence persistence: /tmp/run115-out/data/scenario_6_mainnet_unknown_authority/pqc_trust_bundle_sequence.json. On each SIGHUP the candidate is validated through Run 069, applied through Run 073, sessions are evicted via Run 072, and the sequence record is committed atomically. Local file only; no peer / gossip input; concurrent triggers are rejected by an in-process guard. See docs/devnet/QBIND_DEVNET_EVIDENCE_RUN_074.md.
[binary] Run 032: validator signer not loaded — config.signer_keystore_path is not set; Run 030 bit-equivalent path (no outbound timeout signing). See docs/devnet/QBIND_DEVNET_EVIDENCE_RUN_032.md.
[binary] Run 033: SuiteAwareValidatorKeyProvider NOT built — network.static_peer_consensus_keys is empty (no --validator-consensus-key entries). Preserving Run 032 SignerPresentKeyProviderUnavailable disabled behaviour. See docs/whitepaper/contradiction.md C5.
[binary] Run 033: timeout-verification probe: active=false reason=production pieces unavailable in current qbind-node binary path: qbind-node main.rs does not yet load validator keystore (signer_keystore_path unread on startup), NodeConfig.network.static_peers carries no per-peer (suite_id, pk_bytes), and --p2p-mutual-auth runs on test-grade TrustedClientRoots/DummySig — see docs/whitepaper/contradiction.md C4/C5 policy=OptionalActivate validators=1 chain_id=chain_51424e444d41494e supported_suite_ids=[100] local_signer=absent(keystore_path_not_configured) peer_key_provider=absent(no_configured_keys)
[binary] Run 033: timeout verification DISABLED — BinaryConsensusLoopIo::verification_ctx=None (Run 030 bit-equivalent path). Inbound timeout/new-view crypto verification and outbound timeout signing remain off until production pieces land. See docs/whitepaper/contradiction.md C5.
[binary] P2P node started. Press Ctrl+C to exit.
[binary-consensus] Starting consensus loop: local_id=ValidatorId(0) num_validators=1 tick=100ms restore_baseline=false interconnect=p2p late_peer_reemit=on timeout_verification=off
[snapshot] periodic snapshot trigger disabled: snapshot config disabled
[binary-consensus] committed_anchor height=0 block_id=00000000000000000000000000000000ffffffffffffffffffffffffffffffff
[snapshot] periodic snapshot skipped: committed height is zero
[binary-consensus] committed_anchor height=1 block_id=0000000000000000010000000000000000000000000000000000000000000000
[binary-consensus] committed_anchor height=2 block_id=0000000000000000020000000000000000000000000000000100000000000000
[binary-consensus] committed_anchor height=3 block_id=0000000000000000030000000000000000000000000000000200000000000000
[binary-consensus] committed_anchor height=4 block_id=0000000000000000040000000000000000000000000000000300000000000000
[binary-consensus] committed_anchor height=5 block_id=0000000000000000050000000000000000000000000000000400000000000000
[binary-consensus] committed_anchor height=6 block_id=0000000000000000060000000000000000000000000000000500000000000000
[binary-consensus] committed_anchor height=7 block_id=0000000000000000070000000000000000000000000000000600000000000000
[binary-consensus] committed_anchor height=8 block_id=0000000000000000080000000000000000000000000000000700000000000000
[binary] Run 074: SIGHUP received — running live trust-bundle reload-apply trigger.
[binary] Run 074: VERDICT=invalid (candidate rejected at validation, swap, eviction, or commit stage; live trust state rolled back to previous snapshot where applicable; on-disk sequence record preserved). Reason: Run 070 candidate apply rejected at validation stage; live trust state unchanged; sequence not committed; sessions untouched: candidate refused by Run 105 bundle-signing-key ratification enforcement: bundle-signing ratification authority_root_fingerprint '33f8c8c8aae5522523259684ab7c59f99d70ec7c466e6d3276bc9235a980268a' not present in genesis bundle_signing_authority_roots
[binary] Shutdown signal received, stopping P2P node...
[binary-consensus] committed_anchor height=9 block_id=0000000000000000090000000000000000000000000000000800000000000000
[binary-consensus] committed_anchor height=10 block_id=00000000000000000a0000000000000000000000000000000900000000000000
[binary-consensus] committed_anchor height=11 block_id=00000000000000000b0000000000000000000000000000000a00000000000000
[binary-consensus] committed_anchor height=12 block_id=00000000000000000c0000000000000000000000000000000b00000000000000
[binary-consensus] committed_anchor height=13 block_id=00000000000000000d0000000000000000000000000000000c00000000000000
[binary-consensus] committed_anchor height=14 block_id=00000000000000000e0000000000000000000000000000000d00000000000000
[binary-consensus] committed_anchor height=15 block_id=00000000000000000f0000000000000000000000000000000e00000000000000
[binary-consensus] committed_anchor height=16 block_id=0000000000000000100000000000000000000000000000000f00000000000000
[binary-consensus] committed_anchor height=17 block_id=0000000000000000110000000000000000000000000000001000000000000000
[binary-consensus] committed_anchor height=18 block_id=0000000000000000120000000000000000000000000000001100000000000000
[binary-consensus] committed_anchor height=19 block_id=0000000000000000130000000000000000000000000000001200000000000000
[binary-consensus] committed_anchor height=20 block_id=0000000000000000140000000000000000000000000000001300000000000000
[binary-consensus] committed_anchor height=21 block_id=0000000000000000150000000000000000000000000000001400000000000000
[binary-consensus] committed_anchor height=22 block_id=0000000000000000160000000000000000000000000000001500000000000000
[binary-consensus] committed_anchor height=23 block_id=0000000000000000170000000000000000000000000000001600000000000000
[binary-consensus] committed_anchor height=24 block_id=0000000000000000180000000000000000000000000000001700000000000000
[binary-consensus] committed_anchor height=25 block_id=0000000000000000190000000000000000000000000000001800000000000000
[binary-consensus] committed_anchor height=26 block_id=00000000000000001a0000000000000000000000000000001900000000000000
[binary-consensus] committed_anchor height=27 block_id=00000000000000001b0000000000000000000000000000001a00000000000000
[binary-consensus] committed_anchor height=28 block_id=00000000000000001c0000000000000000000000000000001b00000000000000
[binary-consensus] committed_anchor height=29 block_id=00000000000000001d0000000000000000000000000000001c00000000000000
[binary-consensus] committed_anchor height=30 block_id=00000000000000001e0000000000000000000000000000001d00000000000000
[binary-consensus] committed_anchor height=31 block_id=00000000000000001f0000000000000000000000000000001e00000000000000
[binary-consensus] committed_anchor height=32 block_id=0000000000000000200000000000000000000000000000001f00000000000000
[binary-consensus] committed_anchor height=33 block_id=0000000000000000210000000000000000000000000000002000000000000000
[binary-consensus] committed_anchor height=34 block_id=0000000000000000220000000000000000000000000000002100000000000000
[binary-consensus] committed_anchor height=35 block_id=0000000000000000230000000000000000000000000000002200000000000000
[binary-consensus] committed_anchor height=36 block_id=0000000000000000240000000000000000000000000000002300000000000000
[binary-consensus] committed_anchor height=37 block_id=0000000000000000250000000000000000000000000000002400000000000000
[binary-consensus] committed_anchor height=38 block_id=0000000000000000260000000000000000000000000000002500000000000000
[binary-consensus] committed_anchor height=39 block_id=0000000000000000270000000000000000000000000000002600000000000000
[binary-consensus] committed_anchor height=40 block_id=0000000000000000280000000000000000000000000000002700000000000000
[binary-consensus] committed_anchor height=41 block_id=0000000000000000290000000000000000000000000000002800000000000000
[binary-consensus] committed_anchor height=42 block_id=00000000000000002a0000000000000000000000000000002900000000000000
[binary-consensus] committed_anchor height=43 block_id=00000000000000002b0000000000000000000000000000002a00000000000000
[binary-consensus] committed_anchor height=44 block_id=00000000000000002c0000000000000000000000000000002b00000000000000
[binary-consensus] committed_anchor height=45 block_id=00000000000000002d0000000000000000000000000000002c00000000000000
[binary-consensus] committed_anchor height=46 block_id=00000000000000002e0000000000000000000000000000002d00000000000000
[binary-consensus] committed_anchor height=47 block_id=00000000000000002f0000000000000000000000000000002e00000000000000
[binary-consensus] committed_anchor height=48 block_id=0000000000000000300000000000000000000000000000002f00000000000000
[binary-consensus] committed_anchor height=49 block_id=0000000000000000310000000000000000000000000000003000000000000000
[binary-consensus] committed_anchor height=50 block_id=0000000000000000320000000000000000000000000000003100000000000000
[binary-consensus] committed_anchor height=51 block_id=0000000000000000330000000000000000000000000000003200000000000000
[binary-consensus] committed_anchor height=52 block_id=0000000000000000340000000000000000000000000000003300000000000000
[binary-consensus] committed_anchor height=53 block_id=0000000000000000350000000000000000000000000000003400000000000000
[binary-consensus] committed_anchor height=54 block_id=0000000000000000360000000000000000000000000000003500000000000000
[binary-consensus] committed_anchor height=55 block_id=0000000000000000370000000000000000000000000000003600000000000000
[binary-consensus] committed_anchor height=56 block_id=0000000000000000380000000000000000000000000000003700000000000000
[binary-consensus] committed_anchor height=57 block_id=0000000000000000390000000000000000000000000000003800000000000000
[binary-consensus] committed_anchor height=58 block_id=00000000000000003a0000000000000000000000000000003900000000000000
[binary-consensus] committed_anchor height=59 block_id=00000000000000003b0000000000000000000000000000003a00000000000000
[binary-consensus] committed_anchor height=60 block_id=00000000000000003c0000000000000000000000000000003b00000000000000
[binary-consensus] committed_anchor height=61 block_id=00000000000000003d0000000000000000000000000000003c00000000000000
[binary-consensus] committed_anchor height=62 block_id=00000000000000003e0000000000000000000000000000003d00000000000000
[binary-consensus] committed_anchor height=63 block_id=00000000000000003f0000000000000000000000000000003e00000000000000
[binary-consensus] committed_anchor height=64 block_id=0000000000000000400000000000000000000000000000003f00000000000000
[binary-consensus] committed_anchor height=65 block_id=0000000000000000410000000000000000000000000000004000000000000000
[binary-consensus] committed_anchor height=66 block_id=0000000000000000420000000000000000000000000000004100000000000000
[binary-consensus] committed_anchor height=67 block_id=0000000000000000430000000000000000000000000000004200000000000000
[binary-consensus] committed_anchor height=68 block_id=0000000000000000440000000000000000000000000000004300000000000000
[binary-consensus] committed_anchor height=69 block_id=0000000000000000450000000000000000000000000000004400000000000000
[binary-consensus] committed_anchor height=70 block_id=0000000000000000460000000000000000000000000000004500000000000000
[binary-consensus] committed_anchor height=71 block_id=0000000000000000470000000000000000000000000000004600000000000000
[binary-consensus] committed_anchor height=72 block_id=0000000000000000480000000000000000000000000000004700000000000000
[binary-consensus] committed_anchor height=73 block_id=0000000000000000490000000000000000000000000000004800000000000000
[binary-consensus] committed_anchor height=74 block_id=00000000000000004a0000000000000000000000000000004900000000000000
[binary-consensus] committed_anchor height=75 block_id=00000000000000004b0000000000000000000000000000004a00000000000000
[binary-consensus] committed_anchor height=76 block_id=00000000000000004c0000000000000000000000000000004b00000000000000
[binary-consensus] committed_anchor height=77 block_id=00000000000000004d0000000000000000000000000000004c00000000000000
[binary-consensus] committed_anchor height=78 block_id=00000000000000004e0000000000000000000000000000004d00000000000000
[binary-consensus] committed_anchor height=79 block_id=00000000000000004f0000000000000000000000000000004e00000000000000
[binary-consensus] committed_anchor height=80 block_id=0000000000000000500000000000000000000000000000004f00000000000000
[binary-consensus] committed_anchor height=81 block_id=0000000000000000510000000000000000000000000000005000000000000000
[binary-consensus] committed_anchor height=82 block_id=0000000000000000520000000000000000000000000000005100000000000000
[binary-consensus] committed_anchor height=83 block_id=0000000000000000530000000000000000000000000000005200000000000000
[binary-consensus] committed_anchor height=84 block_id=0000000000000000540000000000000000000000000000005300000000000000
[binary-consensus] committed_anchor height=85 block_id=0000000000000000550000000000000000000000000000005400000000000000
[binary-consensus] committed_anchor height=86 block_id=0000000000000000560000000000000000000000000000005500000000000000
[binary-consensus] committed_anchor height=87 block_id=0000000000000000570000000000000000000000000000005600000000000000
[binary-consensus] committed_anchor height=88 block_id=0000000000000000580000000000000000000000000000005700000000000000
[binary-consensus] committed_anchor height=89 block_id=0000000000000000590000000000000000000000000000005800000000000000
[binary-consensus] committed_anchor height=90 block_id=00000000000000005a0000000000000000000000000000005900000000000000
[binary-consensus] committed_anchor height=91 block_id=00000000000000005b0000000000000000000000000000005a00000000000000
[binary-consensus] committed_anchor height=92 block_id=00000000000000005c0000000000000000000000000000005b00000000000000
[binary-consensus] committed_anchor height=93 block_id=00000000000000005d0000000000000000000000000000005c00000000000000
[binary-consensus] committed_anchor height=94 block_id=00000000000000005e0000000000000000000000000000005d00000000000000
[binary-consensus] committed_anchor height=95 block_id=00000000000000005f0000000000000000000000000000005e00000000000000
[binary-consensus] committed_anchor height=96 block_id=0000000000000000600000000000000000000000000000005f00000000000000
[binary-consensus] committed_anchor height=97 block_id=0000000000000000610000000000000000000000000000006000000000000000
[binary-consensus] committed_anchor height=98 block_id=0000000000000000620000000000000000000000000000006100000000000000
[binary-consensus] committed_anchor height=99 block_id=0000000000000000630000000000000000000000000000006200000000000000
[binary-consensus] committed_anchor height=100 block_id=0000000000000000640000000000000000000000000000006300000000000000
[binary-consensus] committed_anchor height=101 block_id=0000000000000000650000000000000000000000000000006400000000000000
[binary-consensus] committed_anchor height=102 block_id=0000000000000000660000000000000000000000000000006500000000000000
[binary-consensus] committed_anchor height=103 block_id=0000000000000000670000000000000000000000000000006600000000000000
[binary-consensus] committed_anchor height=104 block_id=0000000000000000680000000000000000000000000000006700000000000000
[binary-consensus] committed_anchor height=105 block_id=0000000000000000690000000000000000000000000000006800000000000000
[binary-consensus] committed_anchor height=106 block_id=00000000000000006a0000000000000000000000000000006900000000000000
[binary-consensus] committed_anchor height=107 block_id=00000000000000006b0000000000000000000000000000006a00000000000000
[binary-consensus] committed_anchor height=108 block_id=00000000000000006c0000000000000000000000000000006b00000000000000
[binary-consensus] committed_anchor height=109 block_id=00000000000000006d0000000000000000000000000000006c00000000000000
[binary-consensus] committed_anchor height=110 block_id=00000000000000006e0000000000000000000000000000006d00000000000000
[binary-consensus] committed_anchor height=111 block_id=00000000000000006f0000000000000000000000000000006e00000000000000
[binary-consensus] committed_anchor height=112 block_id=0000000000000000700000000000000000000000000000006f00000000000000
[binary-consensus] committed_anchor height=113 block_id=0000000000000000710000000000000000000000000000007000000000000000
[binary-consensus] committed_anchor height=114 block_id=0000000000000000720000000000000000000000000000007100000000000000
[binary-consensus] committed_anchor height=115 block_id=0000000000000000730000000000000000000000000000007200000000000000
[binary-consensus] committed_anchor height=116 block_id=0000000000000000740000000000000000000000000000007300000000000000
[binary-consensus] committed_anchor height=117 block_id=0000000000000000750000000000000000000000000000007400000000000000
[binary-consensus] committed_anchor height=118 block_id=0000000000000000760000000000000000000000000000007500000000000000
[binary-consensus] committed_anchor height=119 block_id=0000000000000000770000000000000000000000000000007600000000000000
[binary-consensus] committed_anchor height=120 block_id=0000000000000000780000000000000000000000000000007700000000000000
[binary-consensus] committed_anchor height=121 block_id=0000000000000000790000000000000000000000000000007800000000000000
[binary-consensus] committed_anchor height=122 block_id=00000000000000007a0000000000000000000000000000007900000000000000
[binary-consensus] committed_anchor height=123 block_id=00000000000000007b0000000000000000000000000000007a00000000000000
[binary-consensus] committed_anchor height=124 block_id=00000000000000007c0000000000000000000000000000007b00000000000000
[binary-consensus] committed_anchor height=125 block_id=00000000000000007d0000000000000000000000000000007c00000000000000
[binary-consensus] committed_anchor height=126 block_id=00000000000000007e0000000000000000000000000000007d00000000000000
[binary-consensus] committed_anchor height=127 block_id=00000000000000007f0000000000000000000000000000007e00000000000000
[binary-consensus] committed_anchor height=128 block_id=0000000000000000800000000000000000000000000000007f00000000000000
[binary-consensus] committed_anchor height=129 block_id=0000000000000000810000000000000000000000000000008000000000000000
[binary-consensus] committed_anchor height=130 block_id=0000000000000000820000000000000000000000000000008100000000000000
[binary-consensus] committed_anchor height=131 block_id=0000000000000000830000000000000000000000000000008200000000000000
[binary-consensus] committed_anchor height=132 block_id=0000000000000000840000000000000000000000000000008300000000000000
[binary-consensus] committed_anchor height=133 block_id=0000000000000000850000000000000000000000000000008400000000000000
[binary-consensus] committed_anchor height=134 block_id=0000000000000000860000000000000000000000000000008500000000000000
[binary-consensus] committed_anchor height=135 block_id=0000000000000000870000000000000000000000000000008600000000000000
[binary-consensus] committed_anchor height=136 block_id=0000000000000000880000000000000000000000000000008700000000000000
[binary-consensus] committed_anchor height=137 block_id=0000000000000000890000000000000000000000000000008800000000000000
[binary-consensus] committed_anchor height=138 block_id=00000000000000008a0000000000000000000000000000008900000000000000
[binary-consensus] committed_anchor height=139 block_id=00000000000000008b0000000000000000000000000000008a00000000000000
[binary-consensus] committed_anchor height=140 block_id=00000000000000008c0000000000000000000000000000008b00000000000000
[binary-consensus] committed_anchor height=141 block_id=00000000000000008d0000000000000000000000000000008c00000000000000
[binary-consensus] committed_anchor height=142 block_id=00000000000000008e0000000000000000000000000000008d00000000000000
[binary-consensus] committed_anchor height=143 block_id=00000000000000008f0000000000000000000000000000008e00000000000000
[binary-consensus] committed_anchor height=144 block_id=0000000000000000900000000000000000000000000000008f00000000000000
[binary-consensus] committed_anchor height=145 block_id=0000000000000000910000000000000000000000000000009000000000000000
[binary-consensus] committed_anchor height=146 block_id=0000000000000000920000000000000000000000000000009100000000000000
[binary-consensus] committed_anchor height=147 block_id=0000000000000000930000000000000000000000000000009200000000000000
[binary-consensus] committed_anchor height=148 block_id=0000000000000000940000000000000000000000000000009300000000000000
[binary-consensus] committed_anchor height=149 block_id=0000000000000000950000000000000000000000000000009400000000000000
[binary-consensus] committed_anchor height=150 block_id=0000000000000000960000000000000000000000000000009500000000000000
[binary-consensus] committed_anchor height=151 block_id=0000000000000000970000000000000000000000000000009600000000000000
[binary-consensus] committed_anchor height=152 block_id=0000000000000000980000000000000000000000000000009700000000000000
[binary-consensus] committed_anchor height=153 block_id=0000000000000000990000000000000000000000000000009800000000000000
[binary-consensus] committed_anchor height=154 block_id=00000000000000009a0000000000000000000000000000009900000000000000
[binary-consensus] committed_anchor height=155 block_id=00000000000000009b0000000000000000000000000000009a00000000000000
[binary-consensus] committed_anchor height=156 block_id=00000000000000009c0000000000000000000000000000009b00000000000000
[binary-consensus] committed_anchor height=157 block_id=00000000000000009d0000000000000000000000000000009c00000000000000
[binary-consensus] committed_anchor height=158 block_id=00000000000000009e0000000000000000000000000000009d00000000000000
[binary-consensus] committed_anchor height=159 block_id=00000000000000009f0000000000000000000000000000009e00000000000000
[binary-consensus] committed_anchor height=160 block_id=0000000000000000a00000000000000000000000000000009f00000000000000
[binary-consensus] committed_anchor height=161 block_id=0000000000000000a1000000000000000000000000000000a000000000000000
[binary-consensus] committed_anchor height=162 block_id=0000000000000000a2000000000000000000000000000000a100000000000000
[binary-consensus] committed_anchor height=163 block_id=0000000000000000a3000000000000000000000000000000a200000000000000
[binary-consensus] committed_anchor height=164 block_id=0000000000000000a4000000000000000000000000000000a300000000000000
[binary-consensus] committed_anchor height=165 block_id=0000000000000000a5000000000000000000000000000000a400000000000000
[binary-consensus] committed_anchor height=166 block_id=0000000000000000a6000000000000000000000000000000a500000000000000
[binary-consensus] committed_anchor height=167 block_id=0000000000000000a7000000000000000000000000000000a600000000000000
[binary-consensus] committed_anchor height=168 block_id=0000000000000000a8000000000000000000000000000000a700000000000000
[binary-consensus] committed_anchor height=169 block_id=0000000000000000a9000000000000000000000000000000a800000000000000
[binary-consensus] committed_anchor height=170 block_id=0000000000000000aa000000000000000000000000000000a900000000000000
[binary-consensus] committed_anchor height=171 block_id=0000000000000000ab000000000000000000000000000000aa00000000000000
[binary-consensus] committed_anchor height=172 block_id=0000000000000000ac000000000000000000000000000000ab00000000000000
[binary-consensus] committed_anchor height=173 block_id=0000000000000000ad000000000000000000000000000000ac00000000000000
[binary-consensus] committed_anchor height=174 block_id=0000000000000000ae000000000000000000000000000000ad00000000000000
[binary-consensus] committed_anchor height=175 block_id=0000000000000000af000000000000000000000000000000ae00000000000000
[binary-consensus] committed_anchor height=176 block_id=0000000000000000b0000000000000000000000000000000af00000000000000
[binary-consensus] committed_anchor height=177 block_id=0000000000000000b1000000000000000000000000000000b000000000000000
[binary-consensus] committed_anchor height=178 block_id=0000000000000000b2000000000000000000000000000000b100000000000000
[binary-consensus] committed_anchor height=179 block_id=0000000000000000b3000000000000000000000000000000b200000000000000
[binary-consensus] committed_anchor height=180 block_id=0000000000000000b4000000000000000000000000000000b300000000000000
[binary-consensus] committed_anchor height=181 block_id=0000000000000000b5000000000000000000000000000000b400000000000000
[binary-consensus] committed_anchor height=182 block_id=0000000000000000b6000000000000000000000000000000b500000000000000
[binary-consensus] committed_anchor height=183 block_id=0000000000000000b7000000000000000000000000000000b600000000000000
[binary-consensus] committed_anchor height=184 block_id=0000000000000000b8000000000000000000000000000000b700000000000000
[binary-consensus] committed_anchor height=185 block_id=0000000000000000b9000000000000000000000000000000b800000000000000
[binary-consensus] committed_anchor height=186 block_id=0000000000000000ba000000000000000000000000000000b900000000000000
[binary-consensus] committed_anchor height=187 block_id=0000000000000000bb000000000000000000000000000000ba00000000000000
[binary-consensus] committed_anchor height=188 block_id=0000000000000000bc000000000000000000000000000000bb00000000000000
[binary-consensus] committed_anchor height=189 block_id=0000000000000000bd000000000000000000000000000000bc00000000000000
[binary-consensus] committed_anchor height=190 block_id=0000000000000000be000000000000000000000000000000bd00000000000000
[binary-consensus] committed_anchor height=191 block_id=0000000000000000bf000000000000000000000000000000be00000000000000
[binary-consensus] committed_anchor height=192 block_id=0000000000000000c0000000000000000000000000000000bf00000000000000
[binary-consensus] committed_anchor height=193 block_id=0000000000000000c1000000000000000000000000000000c000000000000000
[binary-consensus] committed_anchor height=194 block_id=0000000000000000c2000000000000000000000000000000c100000000000000
[binary-consensus] committed_anchor height=195 block_id=0000000000000000c3000000000000000000000000000000c200000000000000
[binary-consensus] committed_anchor height=196 block_id=0000000000000000c4000000000000000000000000000000c300000000000000
[binary-consensus] committed_anchor height=197 block_id=0000000000000000c5000000000000000000000000000000c400000000000000
[binary-consensus] committed_anchor height=198 block_id=0000000000000000c6000000000000000000000000000000c500000000000000
[binary-consensus] committed_anchor height=199 block_id=0000000000000000c7000000000000000000000000000000c600000000000000
[binary-consensus] committed_anchor height=200 block_id=0000000000000000c8000000000000000000000000000000c700000000000000
[binary-consensus] committed_anchor height=201 block_id=0000000000000000c9000000000000000000000000000000c800000000000000
[binary-consensus] committed_anchor height=202 block_id=0000000000000000ca000000000000000000000000000000c900000000000000
[binary-consensus] committed_anchor height=203 block_id=0000000000000000cb000000000000000000000000000000ca00000000000000
[binary-consensus] committed_anchor height=204 block_id=0000000000000000cc000000000000000000000000000000cb00000000000000
[binary-consensus] committed_anchor height=205 block_id=0000000000000000cd000000000000000000000000000000cc00000000000000
[binary-consensus] committed_anchor height=206 block_id=0000000000000000ce000000000000000000000000000000cd00000000000000
[binary-consensus] committed_anchor height=207 block_id=0000000000000000cf000000000000000000000000000000ce00000000000000
[binary-consensus] committed_anchor height=208 block_id=0000000000000000d0000000000000000000000000000000cf00000000000000
