[run-102] OK: canonical Run 101 genesis verification passed (env=Devnet, genesis=/tmp/qbind-run141-snapshot-restore-v2-authority-marker-release-binary/fixtures/genesis.json, canonical_hash=0x43c999096611f8c9b032a28f9f9cfbaaf75a9941979d4a790973f7f52908ff44).
[restore] requested: snapshot_dir=/tmp/qbind-run141-snapshot-restore-v2-authority-marker-release-binary/fixtures/snapshots/snap-v2-only data_dir=/tmp/qbind-run141-snapshot-restore-v2-authority-marker-release-binary/data/A1_v2_snapshot_empty_data_dir expected_chain_id=0x51424e4444455600
[restore] Run 140 v2 authority-marker check: no local v2 authority marker; snapshot v2 authority metadata matches the runtime trust domain (restore may proceed; local marker is NOT synthesised from snapshot bytes) (proceeding with materialization)
[restore] complete: height=201 chain_id=0x51424e4444455600 bytes_copied=8572 target=/tmp/qbind-run141-snapshot-restore-v2-authority-marker-release-binary/data/A1_v2_snapshot_empty_data_dir/state_vm_v0
[restore] audit marker written to /tmp/qbind-run141-snapshot-restore-v2-authority-marker-release-binary/data/A1_v2_snapshot_empty_data_dir/RESTORED_FROM_SNAPSHOT.json
[restore] OK: restored from snapshot height=201 chain_id=0x51424e4444455600
[binary] B5: restore-aware consensus start enabled (snapshot_height=201, starting_view=202)
[metrics] Metrics HTTP server disabled (set QBIND_METRICS_HTTP_ADDR=host:port to enable)
[T104] No schema version found in storage - treating as legacy v0 (compatible)
[M16] Epoch consistency check passed: current_epoch=None
[binary] Run 093 consensus storage: state=present-no-committed-epoch path=/tmp/qbind-run141-snapshot-restore-v2-authority-marker-release-binary/data/A1_v2_snapshot_empty_data_dir/consensus
[restore] Run 097 snapshot meta carries no canonical epoch (epoch=None); leaving <data_dir>/consensus meta:current_epoch unchanged (explicit absence, NOT 0)
[binary] Run 097: no snapshot epoch persistence performed (snapshot_epoch=None, storage_state=present-no-committed-epoch).
[binary] LocalMesh mode: starting consensus loop. environment=DevNet profile=nonce-only
[binary] Run 094: binary consensus loop wired to canonical production ConsensusStorage handle (LocalMesh).
[binary] Consensus loop config: local_validator_id=ValidatorId(0) num_validators=1 restore_baseline=true
[binary] Single-validator LocalMesh: leader self-quorum will commit a block per tick.
[snapshot] VM-v0 SIGUSR1 snapshot trigger disabled: --snapshot-dir not configured
[binary] Consensus loop running. Press Ctrl+C to exit.
[binary-consensus] B5: applied restore baseline: snapshot_height=201 starting_view=202 (engine committed_height=Some(201))
[binary-consensus] Starting consensus loop: local_id=ValidatorId(0) num_validators=1 tick=100ms restore_baseline=true interconnect=none late_peer_reemit=off timeout_verification=off
[snapshot] periodic snapshot trigger disabled: snapshot config disabled
[binary-consensus] committed_anchor height=202 block_id=0000000000000000ca00000000000000c9c9c9c9c9c9c9c9c9c9c9c9c9c9c9c9
[binary-consensus] committed_anchor height=203 block_id=0000000000000000cb000000000000000000000000000000ca00000000000000
[binary-consensus] committed_anchor height=204 block_id=0000000000000000cc000000000000000000000000000000cb00000000000000
[binary-consensus] committed_anchor height=205 block_id=0000000000000000cd000000000000000000000000000000cc00000000000000
[binary-consensus] committed_anchor height=206 block_id=0000000000000000ce000000000000000000000000000000cd00000000000000
[binary-consensus] committed_anchor height=207 block_id=0000000000000000cf000000000000000000000000000000ce00000000000000
[binary-consensus] committed_anchor height=208 block_id=0000000000000000d0000000000000000000000000000000cf00000000000000
[binary-consensus] committed_anchor height=209 block_id=0000000000000000d1000000000000000000000000000000d000000000000000
[binary-consensus] committed_anchor height=210 block_id=0000000000000000d2000000000000000000000000000000d100000000000000
[binary-consensus] committed_anchor height=211 block_id=0000000000000000d3000000000000000000000000000000d200000000000000
[binary-consensus] committed_anchor height=212 block_id=0000000000000000d4000000000000000000000000000000d300000000000000
[binary-consensus] committed_anchor height=213 block_id=0000000000000000d5000000000000000000000000000000d400000000000000
[binary-consensus] committed_anchor height=214 block_id=0000000000000000d6000000000000000000000000000000d500000000000000
[binary-consensus] committed_anchor height=215 block_id=0000000000000000d7000000000000000000000000000000d600000000000000
[binary-consensus] committed_anchor height=216 block_id=0000000000000000d8000000000000000000000000000000d700000000000000
[binary-consensus] committed_anchor height=217 block_id=0000000000000000d9000000000000000000000000000000d800000000000000
[binary-consensus] committed_anchor height=218 block_id=0000000000000000da000000000000000000000000000000d900000000000000
[binary-consensus] committed_anchor height=219 block_id=0000000000000000db000000000000000000000000000000da00000000000000
[binary-consensus] committed_anchor height=220 block_id=0000000000000000dc000000000000000000000000000000db00000000000000
[binary-consensus] committed_anchor height=221 block_id=0000000000000000dd000000000000000000000000000000dc00000000000000
[binary-consensus] committed_anchor height=222 block_id=0000000000000000de000000000000000000000000000000dd00000000000000
[binary-consensus] committed_anchor height=223 block_id=0000000000000000df000000000000000000000000000000de00000000000000
[binary-consensus] committed_anchor height=224 block_id=0000000000000000e0000000000000000000000000000000df00000000000000
[binary-consensus] committed_anchor height=225 block_id=0000000000000000e1000000000000000000000000000000e000000000000000
[binary-consensus] committed_anchor height=226 block_id=0000000000000000e2000000000000000000000000000000e100000000000000
[binary-consensus] committed_anchor height=227 block_id=0000000000000000e3000000000000000000000000000000e200000000000000
[binary-consensus] committed_anchor height=228 block_id=0000000000000000e4000000000000000000000000000000e300000000000000
[binary-consensus] committed_anchor height=229 block_id=0000000000000000e5000000000000000000000000000000e400000000000000
[binary-consensus] committed_anchor height=230 block_id=0000000000000000e6000000000000000000000000000000e500000000000000
[binary-consensus] committed_anchor height=231 block_id=0000000000000000e7000000000000000000000000000000e600000000000000
[binary-consensus] committed_anchor height=232 block_id=0000000000000000e8000000000000000000000000000000e700000000000000
[binary-consensus] committed_anchor height=233 block_id=0000000000000000e9000000000000000000000000000000e800000000000000
[binary-consensus] committed_anchor height=234 block_id=0000000000000000ea000000000000000000000000000000e900000000000000
[binary-consensus] committed_anchor height=235 block_id=0000000000000000eb000000000000000000000000000000ea00000000000000
[binary-consensus] committed_anchor height=236 block_id=0000000000000000ec000000000000000000000000000000eb00000000000000
[binary-consensus] committed_anchor height=237 block_id=0000000000000000ed000000000000000000000000000000ec00000000000000
[binary-consensus] committed_anchor height=238 block_id=0000000000000000ee000000000000000000000000000000ed00000000000000
[binary-consensus] committed_anchor height=239 block_id=0000000000000000ef000000000000000000000000000000ee00000000000000
[binary-consensus] committed_anchor height=240 block_id=0000000000000000f0000000000000000000000000000000ef00000000000000
[binary-consensus] committed_anchor height=241 block_id=0000000000000000f1000000000000000000000000000000f000000000000000
[binary-consensus] committed_anchor height=242 block_id=0000000000000000f2000000000000000000000000000000f100000000000000
[binary-consensus] committed_anchor height=243 block_id=0000000000000000f3000000000000000000000000000000f200000000000000
[binary-consensus] committed_anchor height=244 block_id=0000000000000000f4000000000000000000000000000000f300000000000000
[binary-consensus] committed_anchor height=245 block_id=0000000000000000f5000000000000000000000000000000f400000000000000
[binary-consensus] committed_anchor height=246 block_id=0000000000000000f6000000000000000000000000000000f500000000000000
[binary-consensus] committed_anchor height=247 block_id=0000000000000000f7000000000000000000000000000000f600000000000000
[binary-consensus] committed_anchor height=248 block_id=0000000000000000f8000000000000000000000000000000f700000000000000
[binary-consensus] committed_anchor height=249 block_id=0000000000000000f9000000000000000000000000000000f800000000000000
[binary-consensus] committed_anchor height=250 block_id=0000000000000000fa000000000000000000000000000000f900000000000000
[binary-consensus] committed_anchor height=251 block_id=0000000000000000fb000000000000000000000000000000fa00000000000000
[binary-consensus] committed_anchor height=252 block_id=0000000000000000fc000000000000000000000000000000fb00000000000000
[binary-consensus] committed_anchor height=253 block_id=0000000000000000fd000000000000000000000000000000fc00000000000000
[binary-consensus] committed_anchor height=254 block_id=0000000000000000fe000000000000000000000000000000fd00000000000000
[binary-consensus] committed_anchor height=255 block_id=0000000000000000ff000000000000000000000000000000fe00000000000000
[binary-consensus] committed_anchor height=256 block_id=000000000000000000010000000000000000000000000000ff00000000000000
[binary-consensus] committed_anchor height=257 block_id=0000000000000000010100000000000000000000000000000001000000000000
[binary-consensus] committed_anchor height=258 block_id=0000000000000000020100000000000000000000000000000101000000000000
[binary-consensus] committed_anchor height=259 block_id=0000000000000000030100000000000000000000000000000201000000000000
