   Compiling proc-macro2 v1.0.104
   Compiling unicode-ident v1.0.22
   Compiling quote v1.0.42
   Compiling libc v0.2.178
   Compiling cfg-if v1.0.4
   Compiling version_check v0.9.5
   Compiling typenum v1.19.0
   Compiling generic-array v0.14.7
   Compiling subtle v2.6.1
   Compiling const-oid v0.9.6
   Compiling cpufeatures v0.2.17
   Compiling autocfg v1.5.0
   Compiling syn v2.0.112
   Compiling getrandom v0.2.16
   Compiling paste v1.0.15
   Compiling rand_core v0.6.4
   Compiling base16ct v0.2.0
   Compiling ff v0.13.1
   Compiling group v0.13.0
   Compiling shlex v1.3.0
   Compiling num-traits v0.2.19
   Compiling find-msvc-tools v0.1.6
   Compiling jobserver v0.1.34
   Compiling unicode-segmentation v1.12.0
   Compiling bytes v1.11.0
   Compiling itoa v1.0.17
   Compiling crunchy v0.2.4
   Compiling convert_case v0.10.0
   Compiling cc v1.2.51
   Compiling foldhash v0.2.0
   Compiling zerocopy v0.8.31
   Compiling tiny-keccak v2.0.2
   Compiling either v1.15.0
   Compiling unicode-xid v0.2.6
   Compiling hashbrown v0.16.1
   Compiling ruint-macro v1.2.1
   Compiling once_cell v1.21.3
   Compiling winnow v0.7.14
   Compiling equivalent v1.0.2
   Compiling indexmap v2.13.0
   Compiling const-hex v1.17.0
   Compiling toml_parser v1.0.6+spec-1.1.0
   Compiling zeroize_derive v1.4.3
   Compiling alloy-rlp-derive v0.3.12
   Compiling alloy-rlp v0.3.12
   Compiling zeroize v1.8.2
   Compiling derive_more-impl v2.1.1
   Compiling der v0.7.10
   Compiling crypto-common v0.1.7
   Compiling block-buffer v0.10.4
   Compiling crypto-bigint v0.5.5
   Compiling digest v0.10.7
   Compiling hmac v0.12.1
   Compiling sha2 v0.10.9
   Compiling sec1 v0.7.3
   Compiling elliptic-curve v0.13.8
   Compiling spki v0.7.3
   Compiling rfc6979 v0.4.0
   Compiling signature v2.2.0
   Compiling ruint v1.17.2
   Compiling ecdsa v0.16.9
   Compiling toml_datetime v0.7.5+spec-1.1.0
   Compiling derive_more v2.1.1
   Compiling glob v0.3.3
   Compiling rustc-hash v2.1.1
   Compiling k256 v0.13.4
   Compiling clang-sys v1.8.1
   Compiling toml_edit v0.23.10+spec-1.0.0
   Compiling num-integer v0.1.46
   Compiling rustversion v1.0.22
   Compiling alloy-primitives v1.5.2
   Compiling ppv-lite86 v0.2.21
   Compiling proc-macro-crate v3.4.0
   Compiling pkg-config v0.3.32
   Compiling num_enum_derive v0.7.5
   Compiling rand_chacha v0.3.1
   Compiling num-bigint v0.4.6
   Compiling memchr v2.7.6
   Compiling radium v0.7.0
   Compiling minimal-lexical v0.2.1
   Compiling regex-syntax v0.8.8
   Compiling nom v7.1.3
   Compiling libloading v0.8.9
   Compiling num_enum v0.7.5
   Compiling regex-automata v0.4.13
   Compiling rand v0.8.5
   Compiling tap v1.0.1
   Compiling wyz v0.5.1
   Compiling regex v1.12.2
   Compiling cexpr v0.6.0
   Compiling revm-primitives v22.0.0
   Compiling enum-ordinalize-derive v4.3.2
   Compiling bitflags v2.10.0
   Compiling thiserror v2.0.18
   Compiling funty v2.0.0
   Compiling enum-ordinalize v4.3.2
   Compiling ark-std v0.5.0
   Compiling thiserror-impl v2.0.18
   Compiling bitvec v1.0.1
   Compiling ark-serialize-derive v0.5.0
   Compiling ahash v0.8.12
   Compiling bindgen v0.72.1
   Compiling keccak v0.1.5
   Compiling arrayvec v0.7.6
   Compiling ark-serialize v0.5.0
   Compiling sha3 v0.10.8
   Compiling ark-ff-macros v0.5.0
   Compiling educe v0.6.0
   Compiling itertools v0.13.0
   Compiling alloy-eip7928 v0.3.2
   Compiling ark-ff-asm v0.5.0
   Compiling revm-bytecode v8.0.0
   Compiling crossbeam-utils v0.8.21
   Compiling allocator-api2 v0.2.21
   Compiling hashbrown v0.15.5
   Compiling revm-state v9.0.0
   Compiling ark-ff v0.5.0
   Compiling inout v0.1.4
   Compiling auto_impl v1.3.0
   Compiling serde_core v1.0.228
   Compiling bindgen v0.69.5
   Compiling vcpkg v0.2.15
   Compiling qbind-types v0.1.0 (/home/runner/work/QBIND/QBIND/crates/qbind-types)
   Compiling libz-sys v1.1.23
   Compiling revm-database-interface v9.0.0
   Compiling cipher v0.4.4
   Compiling itertools v0.12.1
   Compiling bzip2-sys v0.1.13+1.0.8
   Compiling universal-hash v0.5.1
   Compiling lz4-sys v1.11.1+lz4-1.10.0
   Compiling lazycell v1.3.0
   Compiling rustc-hash v1.1.0
   Compiling base64ct v1.8.3
   Compiling lazy_static v1.5.0
   Compiling opaque-debug v0.3.1
   Compiling poly1305 v0.8.0
   Compiling password-hash v0.5.0
   Compiling zstd-sys v2.0.16+zstd.1.5.7
   Compiling ark-poly v0.5.0
   Compiling ark-ec v0.5.0
   Compiling chacha20 v0.9.1
   Compiling qbind-wire v0.1.0 (/home/runner/work/QBIND/QBIND/crates/qbind-wire)
   Compiling alloy-eip7702 v0.6.3
   Compiling num-rational v0.4.2
   Compiling alloy-eip2930 v0.2.3
   Compiling num-iter v0.1.45
   Compiling aead v0.5.2
   Compiling num-complex v0.4.6
   Compiling serde v1.0.228
   Compiling num v0.4.3
   Compiling chacha20poly1305 v0.10.1
   Compiling revm-context-interface v14.0.0
   Compiling qbind-hash v0.1.0 (/home/runner/work/QBIND/QBIND/crates/qbind-hash)
   Compiling librocksdb-sys v0.16.0+8.10.0
   Compiling pbkdf2 v0.12.2
   Compiling crossbeam-epoch v0.9.18
   Compiling fips203 v0.4.3
   Compiling fips204 v0.4.6
   Compiling primeorder v0.13.6
   Compiling serde_derive v1.0.228
   Compiling zmij v1.0.17
   Compiling rayon-core v1.13.0
   Compiling hex v0.4.3
   Compiling aurora-engine-modexp v1.2.0
   Compiling p256 v0.13.2
   Compiling qbind-crypto v0.1.0 (/home/runner/work/QBIND/QBIND/crates/qbind-crypto)
   Compiling crossbeam-deque v0.8.6
   Compiling ark-bls12-381 v0.5.0
   Compiling ark-bn254 v0.5.0
   Compiling ripemd v0.1.3
   Compiling derive-where v1.6.0
   Compiling arrayref v0.3.9
   Compiling serde_json v1.0.149
   Compiling revm-context v13.0.0
   Compiling revm-precompile v32.0.0
   Compiling revm-interpreter v32.0.0
   Compiling utf8parse v0.2.2
   Compiling revm-handler v15.0.0
   Compiling anstyle-parse v0.2.7
   Compiling rayon v1.11.0
   Compiling qbind-serde v0.1.0 (/home/runner/work/QBIND/QBIND/crates/qbind-serde)
   Compiling parking_lot_core v0.9.12
   Compiling anstyle v1.0.13
   Compiling is_terminal_polyfill v1.70.2
   Compiling colorchoice v1.0.4
   Compiling anstyle-query v1.1.5
   Compiling revm-inspector v15.0.0
   Compiling anstream v0.6.21
   Compiling revm-database v10.0.0
   Compiling errno v0.3.14
   Compiling scopeguard v1.2.0
   Compiling strsim v0.11.1
   Compiling clap_lex v0.7.7
   Compiling heck v0.5.0
   Compiling thiserror v1.0.69
   Compiling smallvec v1.15.1
   Compiling clap_derive v4.5.55
   Compiling clap_builder v4.5.56
   Compiling revm v34.0.0
   Compiling lock_api v0.4.14
   Compiling signal-hook-registry v1.4.8
   Compiling thiserror-impl v1.0.69
   Compiling tokio-macros v2.6.0
   Compiling socket2 v0.6.1
   Compiling mio v1.1.1
   Compiling pin-project-lite v0.2.16
   Compiling tokio v1.49.0
   Compiling parking_lot v0.12.5
   Compiling clap v4.5.56
   Compiling qbind-net v0.1.0 (/home/runner/work/QBIND/QBIND/crates/qbind-net)
   Compiling qbind-consensus v0.1.0 (/home/runner/work/QBIND/QBIND/crates/qbind-consensus)
   Compiling bincode v1.3.3
   Compiling crossbeam-channel v0.5.15
   Compiling num_cpus v1.17.0
   Compiling rocksdb v0.22.0
   Compiling qbind-ledger v0.1.0 (/home/runner/work/QBIND/QBIND/crates/qbind-ledger)
   Compiling qbind-system v0.1.0 (/home/runner/work/QBIND/QBIND/crates/qbind-system)
   Compiling qbind-runtime v0.1.0 (/home/runner/work/QBIND/QBIND/crates/qbind-runtime)
   Compiling qbind-node v0.1.0 (/home/runner/work/QBIND/QBIND/crates/qbind-node)
warning: use of deprecated function `bincode::config`: please use `options()` instead
    --> crates/qbind-node/src/binary_consensus_loop.rs:2808:28
     |
2808 |             match bincode::config()
     |                            ^^^^^^
     |
     = note: `#[warn(deprecated)]` on by default

warning: use of deprecated function `bincode::config`: please use `options()` instead
    --> crates/qbind-node/src/binary_consensus_loop.rs:2937:28
     |
2937 |             match bincode::config()
     |                            ^^^^^^

warning: unused variable: `worker_id`
   --> crates/qbind-node/src/verify_pool.rs:262:9
    |
262 |         worker_id: usize,
    |         ^^^^^^^^^ help: if this is intentional, prefix it with an underscore: `_worker_id`
    |
    = note: `#[warn(unused_variables)]` (part of `#[warn(unused)]`) on by default

warning: `qbind-node` (lib) generated 3 warnings (run `cargo fix --lib -p qbind-node` to apply 1 suggestion)
    Finished `release` profile [optimized] target(s) in 6m 36s
