   Compiling getrandom v0.3.4
   Compiling rustix v1.1.3
   Compiling linux-raw-sys v0.11.0
   Compiling qbind-ledger v0.1.0 (/home/runner/work/QBIND/QBIND/crates/qbind-ledger)
   Compiling fastrand v2.3.0
   Compiling rand_core v0.9.5
   Compiling wait-timeout v0.2.1
   Compiling bit-vec v0.8.0
   Compiling quick-error v1.2.3
   Compiling fnv v1.0.7
   Compiling bit-set v0.8.0
   Compiling rand v0.9.2
   Compiling rand_xorshift v0.4.0
   Compiling rand_chacha v0.9.0
   Compiling regex-syntax v0.8.8
   Compiling unarray v0.1.4
   Compiling qbind-system v0.1.0 (/home/runner/work/QBIND/QBIND/crates/qbind-system)
   Compiling qbind-runtime v0.1.0 (/home/runner/work/QBIND/QBIND/crates/qbind-runtime)
   Compiling tempfile v3.24.0
   Compiling rusty-fork v0.3.1
   Compiling proptest v1.9.0
   Compiling qbind-node v0.1.0 (/home/runner/work/QBIND/QBIND/crates/qbind-node)
warning: use of deprecated function `bincode::config`: please use `options()` instead
    --> crates/qbind-node/src/binary_consensus_loop.rs:2808:28
     |
2808 |             match bincode::config()
     |                            ^^^^^^
     |
     = note: `#[warn(deprecated)]` on by default

warning: use of deprecated function `bincode::config`: please use `options()` instead
    --> crates/qbind-node/src/binary_consensus_loop.rs:2937:28
     |
2937 |             match bincode::config()
     |                            ^^^^^^

warning: unused variable: `worker_id`
   --> crates/qbind-node/src/verify_pool.rs:262:9
    |
262 |         worker_id: usize,
    |         ^^^^^^^^^ help: if this is intentional, prefix it with an underscore: `_worker_id`
    |
    = note: `#[warn(unused_variables)]` (part of `#[warn(unused)]`) on by default

warning: `qbind-node` (lib) generated 3 warnings (run `cargo fix --lib -p qbind-node` to apply 1 suggestion)
    Finished `release` profile [optimized] target(s) in 30.16s
