[T175] Warning: P2P enabled with zero static peers. Node will operate in single-node loopback mode.
[run-102] OK: canonical Run 101 genesis verification passed (env=Mainnet, genesis=/tmp/qbind-run122-evidence/fixtures_sighup/mainnet/genesis.json, canonical_hash=0x1509e3e2ce45dcebde5278f8b0d007db1c4911f6622a7bad6402aae13c10949d).
[restore] no --restore-from-snapshot requested; normal startup.
[T175] Warning: P2P enabled with zero static peers. Node will operate in single-node loopback mode.
[metrics] Metrics HTTP server disabled (set QBIND_METRICS_HTTP_ADDR=host:port to enable)
[T104] No schema version found in storage - treating as legacy v0 (compatible)
[M16] Epoch consistency check passed: current_epoch=None
[binary] Run 093 consensus storage: state=present-no-committed-epoch path=/tmp/qbind-run122-evidence/data/sighup_s7_first/consensus
[binary] P2P mode: starting transport + consensus loop. environment=MainNet profile=nonce-only
[binary] B12: mutual_auth_mode=Required (source: --p2p-mutual-auth)
[binary] Run 037: --p2p-mutual-auth=required on environment=mainnet is using the production-honest PQC static-root cert-verification path. NOTE: KEM/AEAD primitives on the binary path are still test-grade and remain a separate C4 piece (not C4(c)); MainNet readiness is therefore not yet implied. See docs/whitepaper/contradiction.md C4.
[binary] Run 057: trust-bundle activation gate satisfied (required_height=None current_height=Some(0) required_epoch=None current_epoch=None)
[run-106] startup ratification gate INVOKED (policy=mainnet-default-strict, env=Mainnet).
[run-105] OK: bundle-signing key ratification verified; bundle_signing_fp=55daf8839f98deede81c15b8518d24396bd9593ad2ca56ad6896d75ddc03eb95 authority_root_fp=a0153970a39c72f2448aae40704bc5cc44da776dccef07414322745c7d2e8a41 suite_id=100 env=MAIN chain_id=51424e444d41494e
[binary] Run 055: trust-bundle sequence persistence env=mainnet chain_id=51424e444d41494e path=/tmp/qbind-run122-evidence/data/sighup_s7_first/pqc_trust_bundle_sequence.json first-load persisted_sequence=1 fp=4db64c6c
[run-120] authority-marker persisted at /tmp/qbind-run122-evidence/data/sighup_s7_first/pqc_authority_state.json (first-write; candidate authority_sequence=0).
[binary] Run 050/051: trust bundle loaded path=/tmp/qbind-run122-evidence/fixtures_sighup/mainnet/baseline-bundle.json env=mainnet fp=4db64c6c29424f74f94f785f1e2a7aed421916d1000647e768a9e2e6a8f63888 active_roots=1 revoked_roots=0 sequence=1 valid_from=0 valid_until=18446744073709551615 signature=verified(signing_key_id=dc291541..) signing_keys_configured=1. Bundle root IDs: [65931544..]
[binary] Run 062: trust-bundle revocation activation (configured=0 active=0 pending=0 root_active=0 root_pending=0 leaf_active=0 leaf_pending=0)
[binary] Run 063: local-leaf issuer-root startup self-check passed (local_issuer_root_id=65931544.. bundle_fp=4db64c6c.. active_revoked_root_ids=0)
[binary] Run 039: pqc_root_mode=pqc-static-root transport_kem_suite=ml-kem-768 configured_roots=1 leaf_credentials_present=true peer_leaf_certs=0 (root fingerprints: [id=65931544.. suite=100 fp=7a4fc8ad])
[binary] Run 052: revoked_leaf_fingerprints=0 (from trust bundle env=mainnet sequence=1)
[binary] Run 071: live PQC trust-state initialized (env=mainnet sequence=1 fingerprint=4db64c6c29424f74f94f785f1e2a7aed421916d1000647e768a9e2e6a8f63888 active_roots=1 revoked_roots_active=0 revoked_leaves_active=0)
[Run040] P2pNodeBuilder: pqc_root_mode=pqc-static-root sig_suite_id=100 transport_kem_suite_id=100 transport_kem_suite_name=ml-kem-768 dummy_kem_registered=false transport_aead_suite_id=101 transport_aead_suite_name=chacha20-poly1305 dummy_aead_registered=false configured_roots=1 leaf_credentials_present=true
[binary] P2P transport up. Listen address: 127.0.0.1:34207, static peers: 0
[binary] Run 094: binary consensus loop wired to canonical production ConsensusStorage handle (P2P).
[binary] Consensus loop config: local_validator_id=ValidatorId(0) num_validators=1 restore_baseline=false interconnect=p2p
[binary] Single-validator P2P: leader self-quorum will commit a block per tick. Inbound P2P → engine routing is wired but no peers will exercise it.
[snapshot] VM-v0 SIGUSR1 snapshot trigger disabled: --snapshot-dir not configured
[run-114] SIGHUP live reload ratification gate INVOKED (policy=mainnet-default-strict, env=Mainnet). On every SIGHUP the ratification sidecar JSON is re-read and verified BEFORE any snapshot, swap, eviction, or sequence commit.
[run-121] SIGHUP live reload authority-marker gate INVOKED (policy=mainnet-default-strict, env=Mainnet). On every SIGHUP the on-disk authority marker at /tmp/qbind-run122-evidence/data/sighup_s7_first/pqc_authority_state.json is compared against the candidate's verified ratification BEFORE any snapshot/swap/eviction/commit, and persisted AFTER the existing Run 070 commit_sequence boundary returns Ok.
[binary] Run 074: SIGHUP-driven live trust-bundle reload-apply trigger ENABLED. Candidate path: /tmp/qbind-run122-evidence/fixtures_sighup/mainnet/candidate-bundle.ratified.json. Sequence persistence: /tmp/qbind-run122-evidence/data/sighup_s7_first/pqc_trust_bundle_sequence.json. On each SIGHUP the candidate is validated through Run 069, applied through Run 073, sessions are evicted via Run 072, and the sequence record is committed atomically. Local file only; no peer / gossip input; concurrent triggers are rejected by an in-process guard. See docs/devnet/QBIND_DEVNET_EVIDENCE_RUN_074.md.
[binary] Run 032: validator signer not loaded — config.signer_keystore_path is not set; Run 030 bit-equivalent path (no outbound timeout signing). See docs/devnet/QBIND_DEVNET_EVIDENCE_RUN_032.md.
[binary] Run 033: SuiteAwareValidatorKeyProvider NOT built — network.static_peer_consensus_keys is empty (no --validator-consensus-key entries). Preserving Run 032 SignerPresentKeyProviderUnavailable disabled behaviour. See docs/whitepaper/contradiction.md C5.
[binary] Run 033: timeout-verification probe: active=false reason=production pieces unavailable in current qbind-node binary path: qbind-node main.rs does not yet load validator keystore (signer_keystore_path unread on startup), NodeConfig.network.static_peers carries no per-peer (suite_id, pk_bytes), and --p2p-mutual-auth runs on test-grade TrustedClientRoots/DummySig — see docs/whitepaper/contradiction.md C4/C5 policy=OptionalActivate validators=1 chain_id=chain_51424e444d41494e supported_suite_ids=[100] local_signer=absent(keystore_path_not_configured) peer_key_provider=absent(no_configured_keys)
[binary] Run 033: timeout verification DISABLED — BinaryConsensusLoopIo::verification_ctx=None (Run 030 bit-equivalent path). Inbound timeout/new-view crypto verification and outbound timeout signing remain off until production pieces land. See docs/whitepaper/contradiction.md C5.
[binary] P2P node started. Press Ctrl+C to exit.
[binary-consensus] Starting consensus loop: local_id=ValidatorId(0) num_validators=1 tick=100ms restore_baseline=false interconnect=p2p late_peer_reemit=on timeout_verification=off
[snapshot] periodic snapshot trigger disabled: snapshot config disabled
[binary-consensus] committed_anchor height=0 block_id=00000000000000000000000000000000ffffffffffffffffffffffffffffffff
[snapshot] periodic snapshot skipped: committed height is zero
[binary-consensus] committed_anchor height=1 block_id=0000000000000000010000000000000000000000000000000000000000000000
[binary-consensus] committed_anchor height=2 block_id=0000000000000000020000000000000000000000000000000100000000000000
[binary-consensus] committed_anchor height=3 block_id=0000000000000000030000000000000000000000000000000200000000000000
[binary-consensus] committed_anchor height=4 block_id=0000000000000000040000000000000000000000000000000300000000000000
[binary-consensus] committed_anchor height=5 block_id=0000000000000000050000000000000000000000000000000400000000000000
[binary-consensus] committed_anchor height=6 block_id=0000000000000000060000000000000000000000000000000500000000000000
[binary-consensus] committed_anchor height=7 block_id=0000000000000000070000000000000000000000000000000600000000000000
[binary] Run 074: SIGHUP received — running live trust-bundle reload-apply trigger.
[binary] Run 074: VERDICT=applied (live trust-bundle apply on long-running node; session_evictions=0; sequence_commit=ok)
[binary-consensus] committed_anchor height=8 block_id=0000000000000000080000000000000000000000000000000700000000000000
[binary-consensus] committed_anchor height=9 block_id=0000000000000000090000000000000000000000000000000800000000000000
[binary-consensus] committed_anchor height=10 block_id=00000000000000000a0000000000000000000000000000000900000000000000
[binary-consensus] committed_anchor height=11 block_id=00000000000000000b0000000000000000000000000000000a00000000000000
[binary-consensus] committed_anchor height=12 block_id=00000000000000000c0000000000000000000000000000000b00000000000000
[binary-consensus] committed_anchor height=13 block_id=00000000000000000d0000000000000000000000000000000c00000000000000
[binary-consensus] committed_anchor height=14 block_id=00000000000000000e0000000000000000000000000000000d00000000000000
[binary-consensus] committed_anchor height=15 block_id=00000000000000000f0000000000000000000000000000000e00000000000000
[binary-consensus] committed_anchor height=16 block_id=0000000000000000100000000000000000000000000000000f00000000000000
[binary-consensus] committed_anchor height=17 block_id=0000000000000000110000000000000000000000000000001000000000000000
[binary-consensus] committed_anchor height=18 block_id=0000000000000000120000000000000000000000000000001100000000000000
[binary-consensus] committed_anchor height=19 block_id=0000000000000000130000000000000000000000000000001200000000000000
[binary-consensus] committed_anchor height=20 block_id=0000000000000000140000000000000000000000000000001300000000000000
[binary-consensus] committed_anchor height=21 block_id=0000000000000000150000000000000000000000000000001400000000000000
[binary-consensus] committed_anchor height=22 block_id=0000000000000000160000000000000000000000000000001500000000000000
[binary-consensus] committed_anchor height=23 block_id=0000000000000000170000000000000000000000000000001600000000000000
[binary-consensus] committed_anchor height=24 block_id=0000000000000000180000000000000000000000000000001700000000000000
[binary-consensus] committed_anchor height=25 block_id=0000000000000000190000000000000000000000000000001800000000000000
[binary-consensus] committed_anchor height=26 block_id=00000000000000001a0000000000000000000000000000001900000000000000
[binary-consensus] committed_anchor height=27 block_id=00000000000000001b0000000000000000000000000000001a00000000000000
[binary-consensus] committed_anchor height=28 block_id=00000000000000001c0000000000000000000000000000001b00000000000000
[binary-consensus] committed_anchor height=29 block_id=00000000000000001d0000000000000000000000000000001c00000000000000
[binary-consensus] committed_anchor height=30 block_id=00000000000000001e0000000000000000000000000000001d00000000000000
[binary-consensus] committed_anchor height=31 block_id=00000000000000001f0000000000000000000000000000001e00000000000000
[binary-consensus] committed_anchor height=32 block_id=0000000000000000200000000000000000000000000000001f00000000000000
[binary-consensus] committed_anchor height=33 block_id=0000000000000000210000000000000000000000000000002000000000000000
[binary-consensus] committed_anchor height=34 block_id=0000000000000000220000000000000000000000000000002100000000000000
[binary-consensus] committed_anchor height=35 block_id=0000000000000000230000000000000000000000000000002200000000000000
[binary-consensus] committed_anchor height=36 block_id=0000000000000000240000000000000000000000000000002300000000000000
[binary-consensus] committed_anchor height=37 block_id=0000000000000000250000000000000000000000000000002400000000000000
[binary-consensus] committed_anchor height=38 block_id=0000000000000000260000000000000000000000000000002500000000000000
[binary-consensus] committed_anchor height=39 block_id=0000000000000000270000000000000000000000000000002600000000000000
[binary-consensus] committed_anchor height=40 block_id=0000000000000000280000000000000000000000000000002700000000000000
[binary-consensus] committed_anchor height=41 block_id=0000000000000000290000000000000000000000000000002800000000000000
[binary-consensus] committed_anchor height=42 block_id=00000000000000002a0000000000000000000000000000002900000000000000
[binary-consensus] committed_anchor height=43 block_id=00000000000000002b0000000000000000000000000000002a00000000000000
[binary-consensus] committed_anchor height=44 block_id=00000000000000002c0000000000000000000000000000002b00000000000000
[binary-consensus] committed_anchor height=45 block_id=00000000000000002d0000000000000000000000000000002c00000000000000
[binary-consensus] committed_anchor height=46 block_id=00000000000000002e0000000000000000000000000000002d00000000000000
[binary-consensus] committed_anchor height=47 block_id=00000000000000002f0000000000000000000000000000002e00000000000000
[binary-consensus] committed_anchor height=48 block_id=0000000000000000300000000000000000000000000000002f00000000000000
[binary-consensus] committed_anchor height=49 block_id=0000000000000000310000000000000000000000000000003000000000000000
[binary-consensus] committed_anchor height=50 block_id=0000000000000000320000000000000000000000000000003100000000000000
[binary-consensus] committed_anchor height=51 block_id=0000000000000000330000000000000000000000000000003200000000000000
[binary-consensus] committed_anchor height=52 block_id=0000000000000000340000000000000000000000000000003300000000000000
[binary-consensus] committed_anchor height=53 block_id=0000000000000000350000000000000000000000000000003400000000000000
[binary-consensus] committed_anchor height=54 block_id=0000000000000000360000000000000000000000000000003500000000000000
[binary-consensus] committed_anchor height=55 block_id=0000000000000000370000000000000000000000000000003600000000000000
[binary-consensus] committed_anchor height=56 block_id=0000000000000000380000000000000000000000000000003700000000000000
[binary-consensus] committed_anchor height=57 block_id=0000000000000000390000000000000000000000000000003800000000000000
[binary-consensus] committed_anchor height=58 block_id=00000000000000003a0000000000000000000000000000003900000000000000
[binary-consensus] committed_anchor height=59 block_id=00000000000000003b0000000000000000000000000000003a00000000000000
[binary-consensus] committed_anchor height=60 block_id=00000000000000003c0000000000000000000000000000003b00000000000000
[binary-consensus] committed_anchor height=61 block_id=00000000000000003d0000000000000000000000000000003c00000000000000
[binary-consensus] committed_anchor height=62 block_id=00000000000000003e0000000000000000000000000000003d00000000000000
[binary-consensus] committed_anchor height=63 block_id=00000000000000003f0000000000000000000000000000003e00000000000000
[binary-consensus] committed_anchor height=64 block_id=0000000000000000400000000000000000000000000000003f00000000000000
[binary-consensus] committed_anchor height=65 block_id=0000000000000000410000000000000000000000000000004000000000000000
[binary-consensus] committed_anchor height=66 block_id=0000000000000000420000000000000000000000000000004100000000000000
[binary-consensus] committed_anchor height=67 block_id=0000000000000000430000000000000000000000000000004200000000000000
[binary-consensus] committed_anchor height=68 block_id=0000000000000000440000000000000000000000000000004300000000000000
[binary-consensus] committed_anchor height=69 block_id=0000000000000000450000000000000000000000000000004400000000000000
[binary-consensus] committed_anchor height=70 block_id=0000000000000000460000000000000000000000000000004500000000000000
[binary-consensus] committed_anchor height=71 block_id=0000000000000000470000000000000000000000000000004600000000000000
[binary-consensus] committed_anchor height=72 block_id=0000000000000000480000000000000000000000000000004700000000000000
[binary-consensus] committed_anchor height=73 block_id=0000000000000000490000000000000000000000000000004800000000000000
[binary-consensus] committed_anchor height=74 block_id=00000000000000004a0000000000000000000000000000004900000000000000
[binary-consensus] committed_anchor height=75 block_id=00000000000000004b0000000000000000000000000000004a00000000000000
[binary-consensus] committed_anchor height=76 block_id=00000000000000004c0000000000000000000000000000004b00000000000000
[binary-consensus] committed_anchor height=77 block_id=00000000000000004d0000000000000000000000000000004c00000000000000
[binary-consensus] committed_anchor height=78 block_id=00000000000000004e0000000000000000000000000000004d00000000000000
[binary-consensus] committed_anchor height=79 block_id=00000000000000004f0000000000000000000000000000004e00000000000000
[binary-consensus] committed_anchor height=80 block_id=0000000000000000500000000000000000000000000000004f00000000000000
[binary-consensus] committed_anchor height=81 block_id=0000000000000000510000000000000000000000000000005000000000000000
[binary-consensus] committed_anchor height=82 block_id=0000000000000000520000000000000000000000000000005100000000000000
[binary-consensus] committed_anchor height=83 block_id=0000000000000000530000000000000000000000000000005200000000000000
[binary-consensus] committed_anchor height=84 block_id=0000000000000000540000000000000000000000000000005300000000000000
[binary-consensus] committed_anchor height=85 block_id=0000000000000000550000000000000000000000000000005400000000000000
[binary-consensus] committed_anchor height=86 block_id=0000000000000000560000000000000000000000000000005500000000000000
[binary-consensus] committed_anchor height=87 block_id=0000000000000000570000000000000000000000000000005600000000000000
[binary-consensus] committed_anchor height=88 block_id=0000000000000000580000000000000000000000000000005700000000000000
[binary-consensus] committed_anchor height=89 block_id=0000000000000000590000000000000000000000000000005800000000000000
[binary-consensus] committed_anchor height=90 block_id=00000000000000005a0000000000000000000000000000005900000000000000
[binary-consensus] committed_anchor height=91 block_id=00000000000000005b0000000000000000000000000000005a00000000000000
[binary-consensus] committed_anchor height=92 block_id=00000000000000005c0000000000000000000000000000005b00000000000000
[binary-consensus] committed_anchor height=93 block_id=00000000000000005d0000000000000000000000000000005c00000000000000
[binary-consensus] committed_anchor height=94 block_id=00000000000000005e0000000000000000000000000000005d00000000000000
[binary-consensus] committed_anchor height=95 block_id=00000000000000005f0000000000000000000000000000005e00000000000000
[binary-consensus] committed_anchor height=96 block_id=0000000000000000600000000000000000000000000000005f00000000000000
[binary-consensus] committed_anchor height=97 block_id=0000000000000000610000000000000000000000000000006000000000000000
[binary-consensus] committed_anchor height=98 block_id=0000000000000000620000000000000000000000000000006100000000000000
[binary-consensus] committed_anchor height=99 block_id=0000000000000000630000000000000000000000000000006200000000000000
[binary-consensus] committed_anchor height=100 block_id=0000000000000000640000000000000000000000000000006300000000000000
[binary-consensus] committed_anchor height=101 block_id=0000000000000000650000000000000000000000000000006400000000000000
[binary-consensus] committed_anchor height=102 block_id=0000000000000000660000000000000000000000000000006500000000000000
[binary-consensus] committed_anchor height=103 block_id=0000000000000000670000000000000000000000000000006600000000000000
[binary-consensus] committed_anchor height=104 block_id=0000000000000000680000000000000000000000000000006700000000000000
[binary-consensus] committed_anchor height=105 block_id=0000000000000000690000000000000000000000000000006800000000000000
[binary-consensus] committed_anchor height=106 block_id=00000000000000006a0000000000000000000000000000006900000000000000
[binary-consensus] committed_anchor height=107 block_id=00000000000000006b0000000000000000000000000000006a00000000000000
[binary-consensus] committed_anchor height=108 block_id=00000000000000006c0000000000000000000000000000006b00000000000000
[binary-consensus] committed_anchor height=109 block_id=00000000000000006d0000000000000000000000000000006c00000000000000
[binary-consensus] committed_anchor height=110 block_id=00000000000000006e0000000000000000000000000000006d00000000000000
[binary-consensus] committed_anchor height=111 block_id=00000000000000006f0000000000000000000000000000006e00000000000000
[binary-consensus] committed_anchor height=112 block_id=0000000000000000700000000000000000000000000000006f00000000000000
[binary-consensus] committed_anchor height=113 block_id=0000000000000000710000000000000000000000000000007000000000000000
[binary-consensus] committed_anchor height=114 block_id=0000000000000000720000000000000000000000000000007100000000000000
[binary-consensus] committed_anchor height=115 block_id=0000000000000000730000000000000000000000000000007200000000000000
[binary-consensus] committed_anchor height=116 block_id=0000000000000000740000000000000000000000000000007300000000000000
[binary-consensus] committed_anchor height=117 block_id=0000000000000000750000000000000000000000000000007400000000000000
[binary-consensus] committed_anchor height=118 block_id=0000000000000000760000000000000000000000000000007500000000000000
[binary-consensus] committed_anchor height=119 block_id=0000000000000000770000000000000000000000000000007600000000000000
[binary-consensus] committed_anchor height=120 block_id=0000000000000000780000000000000000000000000000007700000000000000
[binary-consensus] committed_anchor height=121 block_id=0000000000000000790000000000000000000000000000007800000000000000
[binary-consensus] committed_anchor height=122 block_id=00000000000000007a0000000000000000000000000000007900000000000000
[binary-consensus] committed_anchor height=123 block_id=00000000000000007b0000000000000000000000000000007a00000000000000
[binary-consensus] committed_anchor height=124 block_id=00000000000000007c0000000000000000000000000000007b00000000000000
[binary-consensus] committed_anchor height=125 block_id=00000000000000007d0000000000000000000000000000007c00000000000000
[binary-consensus] committed_anchor height=126 block_id=00000000000000007e0000000000000000000000000000007d00000000000000
[binary-consensus] committed_anchor height=127 block_id=00000000000000007f0000000000000000000000000000007e00000000000000
[binary-consensus] committed_anchor height=128 block_id=0000000000000000800000000000000000000000000000007f00000000000000
[binary-consensus] committed_anchor height=129 block_id=0000000000000000810000000000000000000000000000008000000000000000
[binary-consensus] committed_anchor height=130 block_id=0000000000000000820000000000000000000000000000008100000000000000
[binary-consensus] committed_anchor height=131 block_id=0000000000000000830000000000000000000000000000008200000000000000
[binary-consensus] committed_anchor height=132 block_id=0000000000000000840000000000000000000000000000008300000000000000
[binary-consensus] committed_anchor height=133 block_id=0000000000000000850000000000000000000000000000008400000000000000
[binary-consensus] committed_anchor height=134 block_id=0000000000000000860000000000000000000000000000008500000000000000
[binary-consensus] committed_anchor height=135 block_id=0000000000000000870000000000000000000000000000008600000000000000
[binary-consensus] committed_anchor height=136 block_id=0000000000000000880000000000000000000000000000008700000000000000
[binary-consensus] committed_anchor height=137 block_id=0000000000000000890000000000000000000000000000008800000000000000
[binary-consensus] committed_anchor height=138 block_id=00000000000000008a0000000000000000000000000000008900000000000000
[binary-consensus] committed_anchor height=139 block_id=00000000000000008b0000000000000000000000000000008a00000000000000
[binary-consensus] committed_anchor height=140 block_id=00000000000000008c0000000000000000000000000000008b00000000000000
[binary-consensus] committed_anchor height=141 block_id=00000000000000008d0000000000000000000000000000008c00000000000000
[binary-consensus] committed_anchor height=142 block_id=00000000000000008e0000000000000000000000000000008d00000000000000
[binary-consensus] committed_anchor height=143 block_id=00000000000000008f0000000000000000000000000000008e00000000000000
[binary-consensus] committed_anchor height=144 block_id=0000000000000000900000000000000000000000000000008f00000000000000
[binary-consensus] committed_anchor height=145 block_id=0000000000000000910000000000000000000000000000009000000000000000
[binary-consensus] committed_anchor height=146 block_id=0000000000000000920000000000000000000000000000009100000000000000
[binary-consensus] committed_anchor height=147 block_id=0000000000000000930000000000000000000000000000009200000000000000
[binary-consensus] committed_anchor height=148 block_id=0000000000000000940000000000000000000000000000009300000000000000
[binary-consensus] committed_anchor height=149 block_id=0000000000000000950000000000000000000000000000009400000000000000
[binary-consensus] committed_anchor height=150 block_id=0000000000000000960000000000000000000000000000009500000000000000
[binary-consensus] committed_anchor height=151 block_id=0000000000000000970000000000000000000000000000009600000000000000
[binary-consensus] committed_anchor height=152 block_id=0000000000000000980000000000000000000000000000009700000000000000
[binary-consensus] committed_anchor height=153 block_id=0000000000000000990000000000000000000000000000009800000000000000
[binary-consensus] committed_anchor height=154 block_id=00000000000000009a0000000000000000000000000000009900000000000000
[binary-consensus] committed_anchor height=155 block_id=00000000000000009b0000000000000000000000000000009a00000000000000
[binary-consensus] committed_anchor height=156 block_id=00000000000000009c0000000000000000000000000000009b00000000000000
[binary-consensus] committed_anchor height=157 block_id=00000000000000009d0000000000000000000000000000009c00000000000000
[binary-consensus] committed_anchor height=158 block_id=00000000000000009e0000000000000000000000000000009d00000000000000
[binary-consensus] committed_anchor height=159 block_id=00000000000000009f0000000000000000000000000000009e00000000000000
[binary-consensus] committed_anchor height=160 block_id=0000000000000000a00000000000000000000000000000009f00000000000000
[binary-consensus] committed_anchor height=161 block_id=0000000000000000a1000000000000000000000000000000a000000000000000
[binary-consensus] committed_anchor height=162 block_id=0000000000000000a2000000000000000000000000000000a100000000000000
[binary-consensus] committed_anchor height=163 block_id=0000000000000000a3000000000000000000000000000000a200000000000000
[binary-consensus] committed_anchor height=164 block_id=0000000000000000a4000000000000000000000000000000a300000000000000
[binary-consensus] committed_anchor height=165 block_id=0000000000000000a5000000000000000000000000000000a400000000000000
[binary-consensus] committed_anchor height=166 block_id=0000000000000000a6000000000000000000000000000000a500000000000000
[binary-consensus] committed_anchor height=167 block_id=0000000000000000a7000000000000000000000000000000a600000000000000
[binary-consensus] committed_anchor height=168 block_id=0000000000000000a8000000000000000000000000000000a700000000000000
[binary-consensus] committed_anchor height=169 block_id=0000000000000000a9000000000000000000000000000000a800000000000000
[binary-consensus] committed_anchor height=170 block_id=0000000000000000aa000000000000000000000000000000a900000000000000
[binary-consensus] committed_anchor height=171 block_id=0000000000000000ab000000000000000000000000000000aa00000000000000
[binary-consensus] committed_anchor height=172 block_id=0000000000000000ac000000000000000000000000000000ab00000000000000
[binary-consensus] committed_anchor height=173 block_id=0000000000000000ad000000000000000000000000000000ac00000000000000
[binary-consensus] committed_anchor height=174 block_id=0000000000000000ae000000000000000000000000000000ad00000000000000
[binary-consensus] committed_anchor height=175 block_id=0000000000000000af000000000000000000000000000000ae00000000000000
[binary-consensus] committed_anchor height=176 block_id=0000000000000000b0000000000000000000000000000000af00000000000000
[binary-consensus] committed_anchor height=177 block_id=0000000000000000b1000000000000000000000000000000b000000000000000
[binary-consensus] committed_anchor height=178 block_id=0000000000000000b2000000000000000000000000000000b100000000000000
[binary-consensus] committed_anchor height=179 block_id=0000000000000000b3000000000000000000000000000000b200000000000000
[binary-consensus] committed_anchor height=180 block_id=0000000000000000b4000000000000000000000000000000b300000000000000
[binary-consensus] committed_anchor height=181 block_id=0000000000000000b5000000000000000000000000000000b400000000000000
[binary-consensus] committed_anchor height=182 block_id=0000000000000000b6000000000000000000000000000000b500000000000000
[binary-consensus] committed_anchor height=183 block_id=0000000000000000b7000000000000000000000000000000b600000000000000
[binary-consensus] committed_anchor height=184 block_id=0000000000000000b8000000000000000000000000000000b700000000000000
[binary-consensus] committed_anchor height=185 block_id=0000000000000000b9000000000000000000000000000000b800000000000000
[binary-consensus] committed_anchor height=186 block_id=0000000000000000ba000000000000000000000000000000b900000000000000
[binary-consensus] committed_anchor height=187 block_id=0000000000000000bb000000000000000000000000000000ba00000000000000
[binary-consensus] committed_anchor height=188 block_id=0000000000000000bc000000000000000000000000000000bb00000000000000
[binary-consensus] committed_anchor height=189 block_id=0000000000000000bd000000000000000000000000000000bc00000000000000
[binary-consensus] committed_anchor height=190 block_id=0000000000000000be000000000000000000000000000000bd00000000000000
[binary-consensus] committed_anchor height=191 block_id=0000000000000000bf000000000000000000000000000000be00000000000000
[binary-consensus] committed_anchor height=192 block_id=0000000000000000c0000000000000000000000000000000bf00000000000000
[binary-consensus] committed_anchor height=193 block_id=0000000000000000c1000000000000000000000000000000c000000000000000
[binary-consensus] committed_anchor height=194 block_id=0000000000000000c2000000000000000000000000000000c100000000000000
[binary-consensus] committed_anchor height=195 block_id=0000000000000000c3000000000000000000000000000000c200000000000000
[binary-consensus] committed_anchor height=196 block_id=0000000000000000c4000000000000000000000000000000c300000000000000
[binary-consensus] committed_anchor height=197 block_id=0000000000000000c5000000000000000000000000000000c400000000000000
[binary-consensus] committed_anchor height=198 block_id=0000000000000000c6000000000000000000000000000000c500000000000000
[binary-consensus] committed_anchor height=199 block_id=0000000000000000c7000000000000000000000000000000c600000000000000
[binary-consensus] committed_anchor height=200 block_id=0000000000000000c8000000000000000000000000000000c700000000000000
[binary-consensus] committed_anchor height=201 block_id=0000000000000000c9000000000000000000000000000000c800000000000000
[binary-consensus] committed_anchor height=202 block_id=0000000000000000ca000000000000000000000000000000c900000000000000
[binary-consensus] committed_anchor height=203 block_id=0000000000000000cb000000000000000000000000000000ca00000000000000
[binary-consensus] committed_anchor height=204 block_id=0000000000000000cc000000000000000000000000000000cb00000000000000
[binary-consensus] committed_anchor height=205 block_id=0000000000000000cd000000000000000000000000000000cc00000000000000
[binary-consensus] committed_anchor height=206 block_id=0000000000000000ce000000000000000000000000000000cd00000000000000
[binary-consensus] committed_anchor height=207 block_id=0000000000000000cf000000000000000000000000000000ce00000000000000
[binary-consensus] committed_anchor height=208 block_id=0000000000000000d0000000000000000000000000000000cf00000000000000
[binary-consensus] committed_anchor height=209 block_id=0000000000000000d1000000000000000000000000000000d000000000000000
[binary-consensus] committed_anchor height=210 block_id=0000000000000000d2000000000000000000000000000000d100000000000000
[binary-consensus] committed_anchor height=211 block_id=0000000000000000d3000000000000000000000000000000d200000000000000
[binary-consensus] committed_anchor height=212 block_id=0000000000000000d4000000000000000000000000000000d300000000000000
[binary-consensus] committed_anchor height=213 block_id=0000000000000000d5000000000000000000000000000000d400000000000000
[binary-consensus] committed_anchor height=214 block_id=0000000000000000d6000000000000000000000000000000d500000000000000
[binary-consensus] committed_anchor height=215 block_id=0000000000000000d7000000000000000000000000000000d600000000000000
[binary-consensus] committed_anchor height=216 block_id=0000000000000000d8000000000000000000000000000000d700000000000000
[binary-consensus] committed_anchor height=217 block_id=0000000000000000d9000000000000000000000000000000d800000000000000
[binary-consensus] committed_anchor height=218 block_id=0000000000000000da000000000000000000000000000000d900000000000000
[binary-consensus] committed_anchor height=219 block_id=0000000000000000db000000000000000000000000000000da00000000000000
[binary-consensus] committed_anchor height=220 block_id=0000000000000000dc000000000000000000000000000000db00000000000000
[binary-consensus] committed_anchor height=221 block_id=0000000000000000dd000000000000000000000000000000dc00000000000000
[binary-consensus] committed_anchor height=222 block_id=0000000000000000de000000000000000000000000000000dd00000000000000
[binary-consensus] committed_anchor height=223 block_id=0000000000000000df000000000000000000000000000000de00000000000000
[binary-consensus] committed_anchor height=224 block_id=0000000000000000e0000000000000000000000000000000df00000000000000
[binary-consensus] committed_anchor height=225 block_id=0000000000000000e1000000000000000000000000000000e000000000000000
[binary-consensus] committed_anchor height=226 block_id=0000000000000000e2000000000000000000000000000000e100000000000000
[binary-consensus] committed_anchor height=227 block_id=0000000000000000e3000000000000000000000000000000e200000000000000
[binary-consensus] committed_anchor height=228 block_id=0000000000000000e4000000000000000000000000000000e300000000000000
[binary-consensus] committed_anchor height=229 block_id=0000000000000000e5000000000000000000000000000000e400000000000000
[binary-consensus] committed_anchor height=230 block_id=0000000000000000e6000000000000000000000000000000e500000000000000
[binary-consensus] committed_anchor height=231 block_id=0000000000000000e7000000000000000000000000000000e600000000000000
[binary-consensus] committed_anchor height=232 block_id=0000000000000000e8000000000000000000000000000000e700000000000000
[binary-consensus] committed_anchor height=233 block_id=0000000000000000e9000000000000000000000000000000e800000000000000
[binary-consensus] committed_anchor height=234 block_id=0000000000000000ea000000000000000000000000000000e900000000000000
[binary-consensus] committed_anchor height=235 block_id=0000000000000000eb000000000000000000000000000000ea00000000000000
[binary-consensus] committed_anchor height=236 block_id=0000000000000000ec000000000000000000000000000000eb00000000000000
[binary-consensus] committed_anchor height=237 block_id=0000000000000000ed000000000000000000000000000000ec00000000000000
[binary-consensus] committed_anchor height=238 block_id=0000000000000000ee000000000000000000000000000000ed00000000000000
[binary-consensus] committed_anchor height=239 block_id=0000000000000000ef000000000000000000000000000000ee00000000000000
[binary-consensus] committed_anchor height=240 block_id=0000000000000000f0000000000000000000000000000000ef00000000000000
[binary-consensus] committed_anchor height=241 block_id=0000000000000000f1000000000000000000000000000000f000000000000000
[binary-consensus] committed_anchor height=242 block_id=0000000000000000f2000000000000000000000000000000f100000000000000
[binary-consensus] committed_anchor height=243 block_id=0000000000000000f3000000000000000000000000000000f200000000000000
[binary-consensus] committed_anchor height=244 block_id=0000000000000000f4000000000000000000000000000000f300000000000000
[binary-consensus] committed_anchor height=245 block_id=0000000000000000f5000000000000000000000000000000f400000000000000
[binary-consensus] committed_anchor height=246 block_id=0000000000000000f6000000000000000000000000000000f500000000000000
[binary-consensus] committed_anchor height=247 block_id=0000000000000000f7000000000000000000000000000000f600000000000000
[binary-consensus] committed_anchor height=248 block_id=0000000000000000f8000000000000000000000000000000f700000000000000
[binary-consensus] committed_anchor height=249 block_id=0000000000000000f9000000000000000000000000000000f800000000000000
[binary-consensus] committed_anchor height=250 block_id=0000000000000000fa000000000000000000000000000000f900000000000000
[binary-consensus] committed_anchor height=251 block_id=0000000000000000fb000000000000000000000000000000fa00000000000000
[binary-consensus] committed_anchor height=252 block_id=0000000000000000fc000000000000000000000000000000fb00000000000000
[binary-consensus] committed_anchor height=253 block_id=0000000000000000fd000000000000000000000000000000fc00000000000000
[binary-consensus] committed_anchor height=254 block_id=0000000000000000fe000000000000000000000000000000fd00000000000000
[binary-consensus] committed_anchor height=255 block_id=0000000000000000ff000000000000000000000000000000fe00000000000000
[binary-consensus] committed_anchor height=256 block_id=000000000000000000010000000000000000000000000000ff00000000000000
[binary-consensus] committed_anchor height=257 block_id=0000000000000000010100000000000000000000000000000001000000000000
[binary-consensus] committed_anchor height=258 block_id=0000000000000000020100000000000000000000000000000101000000000000
[binary-consensus] committed_anchor height=259 block_id=0000000000000000030100000000000000000000000000000201000000000000
[binary-consensus] committed_anchor height=260 block_id=0000000000000000040100000000000000000000000000000301000000000000
[binary-consensus] committed_anchor height=261 block_id=0000000000000000050100000000000000000000000000000401000000000000
[binary-consensus] committed_anchor height=262 block_id=0000000000000000060100000000000000000000000000000501000000000000
[binary-consensus] committed_anchor height=263 block_id=0000000000000000070100000000000000000000000000000601000000000000
[binary-consensus] committed_anchor height=264 block_id=0000000000000000080100000000000000000000000000000701000000000000
[binary-consensus] committed_anchor height=265 block_id=0000000000000000090100000000000000000000000000000801000000000000
[binary-consensus] committed_anchor height=266 block_id=00000000000000000a0100000000000000000000000000000901000000000000
[binary-consensus] committed_anchor height=267 block_id=00000000000000000b0100000000000000000000000000000a01000000000000
[binary-consensus] committed_anchor height=268 block_id=00000000000000000c0100000000000000000000000000000b01000000000000
[binary-consensus] committed_anchor height=269 block_id=00000000000000000d0100000000000000000000000000000c01000000000000
[binary-consensus] committed_anchor height=270 block_id=00000000000000000e0100000000000000000000000000000d01000000000000
[binary-consensus] committed_anchor height=271 block_id=00000000000000000f0100000000000000000000000000000e01000000000000
[binary-consensus] committed_anchor height=272 block_id=0000000000000000100100000000000000000000000000000f01000000000000
[binary-consensus] committed_anchor height=273 block_id=0000000000000000110100000000000000000000000000001001000000000000
[binary-consensus] committed_anchor height=274 block_id=0000000000000000120100000000000000000000000000001101000000000000
[binary-consensus] committed_anchor height=275 block_id=0000000000000000130100000000000000000000000000001201000000000000
[binary-consensus] committed_anchor height=276 block_id=0000000000000000140100000000000000000000000000001301000000000000
[binary-consensus] committed_anchor height=277 block_id=0000000000000000150100000000000000000000000000001401000000000000
[binary-consensus] committed_anchor height=278 block_id=0000000000000000160100000000000000000000000000001501000000000000
[binary-consensus] committed_anchor height=279 block_id=0000000000000000170100000000000000000000000000001601000000000000
[binary-consensus] committed_anchor height=280 block_id=0000000000000000180100000000000000000000000000001701000000000000
[binary-consensus] committed_anchor height=281 block_id=0000000000000000190100000000000000000000000000001801000000000000
[binary-consensus] committed_anchor height=282 block_id=00000000000000001a0100000000000000000000000000001901000000000000
[binary-consensus] committed_anchor height=283 block_id=00000000000000001b0100000000000000000000000000001a01000000000000
[binary-consensus] committed_anchor height=284 block_id=00000000000000001c0100000000000000000000000000001b01000000000000
[binary-consensus] committed_anchor height=285 block_id=00000000000000001d0100000000000000000000000000001c01000000000000
[binary-consensus] committed_anchor height=286 block_id=00000000000000001e0100000000000000000000000000001d01000000000000
[binary-consensus] committed_anchor height=287 block_id=00000000000000001f0100000000000000000000000000001e01000000000000
[binary-consensus] committed_anchor height=288 block_id=0000000000000000200100000000000000000000000000001f01000000000000
[binary-consensus] committed_anchor height=289 block_id=0000000000000000210100000000000000000000000000002001000000000000
[binary-consensus] committed_anchor height=290 block_id=0000000000000000220100000000000000000000000000002101000000000000
[binary-consensus] committed_anchor height=291 block_id=0000000000000000230100000000000000000000000000002201000000000000
[binary-consensus] committed_anchor height=292 block_id=0000000000000000240100000000000000000000000000002301000000000000
[binary-consensus] committed_anchor height=293 block_id=0000000000000000250100000000000000000000000000002401000000000000
[binary-consensus] committed_anchor height=294 block_id=0000000000000000260100000000000000000000000000002501000000000000
[binary-consensus] committed_anchor height=295 block_id=0000000000000000270100000000000000000000000000002601000000000000
[binary-consensus] committed_anchor height=296 block_id=0000000000000000280100000000000000000000000000002701000000000000
[binary-consensus] committed_anchor height=297 block_id=0000000000000000290100000000000000000000000000002801000000000000
[binary-consensus] committed_anchor height=298 block_id=00000000000000002a0100000000000000000000000000002901000000000000
[binary-consensus] committed_anchor height=299 block_id=00000000000000002b0100000000000000000000000000002a01000000000000
[binary-consensus] committed_anchor height=300 block_id=00000000000000002c0100000000000000000000000000002b01000000000000
[binary-consensus] committed_anchor height=301 block_id=00000000000000002d0100000000000000000000000000002c01000000000000
[binary-consensus] committed_anchor height=302 block_id=00000000000000002e0100000000000000000000000000002d01000000000000
[binary-consensus] committed_anchor height=303 block_id=00000000000000002f0100000000000000000000000000002e01000000000000
[binary-consensus] committed_anchor height=304 block_id=0000000000000000300100000000000000000000000000002f01000000000000
[binary-consensus] committed_anchor height=305 block_id=0000000000000000310100000000000000000000000000003001000000000000
[binary-consensus] committed_anchor height=306 block_id=0000000000000000320100000000000000000000000000003101000000000000
[binary-consensus] committed_anchor height=307 block_id=0000000000000000330100000000000000000000000000003201000000000000
[binary-consensus] committed_anchor height=308 block_id=0000000000000000340100000000000000000000000000003301000000000000
[binary-consensus] committed_anchor height=309 block_id=0000000000000000350100000000000000000000000000003401000000000000